{"/Users/danielspaude/code/boxtribute/boxtribute/react/src/App.tsx": {"path":"/Users/danielspaude/code/boxtribute/boxtribute/react/src/App.tsx","statementMap":{"0":{"start":{"line":18,"column":36},"end":{"line":64,"column":1}},"1":{"start":{"line":19,"column":22},"end":{"line":26,"column":3}},"2":{"start":{"line":28,"column":37},"end":{"line":28,"column":47}},"3":{"start":{"line":31,"column":4},"end":{"line":31,"column":41}},"4":{"start":{"line":32,"column":42},"end":{"line":32,"column":78}},"5":{"start":{"line":34,"column":2},"end":{"line":38,"column":55}},"6":{"start":{"line":35,"column":4},"end":{"line":37,"column":5}},"7":{"start":{"line":36,"column":6},"end":{"line":36,"column":21}},"8":{"start":{"line":40,"column":2},"end":{"line":48,"column":32}},"9":{"start":{"line":41,"column":4},"end":{"line":47,"column":5}},"10":{"start":{"line":42,"column":20},"end":{"line":42,"column":30}},"11":{"start":{"line":43,"column":6},"end":{"line":46,"column":9}},"12":{"start":{"line":51,"column":0},"end":{"line":62,"column":39}},"13":{"start":{"line":52,"column":19},"end":{"line":60,"column":3}},"14":{"start":{"line":53,"column":18},"end":{"line":53,"column":48}},"15":{"start":{"line":54,"column":25},"end":{"line":54,"column":91}},"16":{"start":{"line":55,"column":27},"end":{"line":55,"column":85}},"17":{"start":{"line":56,"column":4},"end":{"line":59,"column":7}},"18":{"start":{"line":61,"column":2},"end":{"line":61,"column":13}},"19":{"start":{"line":66,"column":12},"end":{"line":90,"column":1}},"20":{"start":{"line":67,"column":2},"end":{"line":67,"column":32}},"21":{"start":{"line":68,"column":2},"end":{"line":89,"column":4}}},"fnMap":{"0":{"name":"(anonymous_0)","decl":{"start":{"line":18,"column":36},"end":{"line":18,"column":37}},"loc":{"start":{"line":18,"column":42},"end":{"line":64,"column":1}},"line":18},"1":{"name":"(anonymous_1)","decl":{"start":{"line":34,"column":12},"end":{"line":34,"column":13}},"loc":{"start":{"line":34,"column":18},"end":{"line":38,"column":3}},"line":34},"2":{"name":"(anonymous_2)","decl":{"start":{"line":40,"column":12},"end":{"line":40,"column":13}},"loc":{"start":{"line":40,"column":18},"end":{"line":48,"column":3}},"line":40},"3":{"name":"(anonymous_3)","decl":{"start":{"line":51,"column":10},"end":{"line":51,"column":11}},"loc":{"start":{"line":51,"column":16},"end":{"line":62,"column":1}},"line":51},"4":{"name":"(anonymous_4)","decl":{"start":{"line":52,"column":19},"end":{"line":52,"column":20}},"loc":{"start":{"line":52,"column":31},"end":{"line":60,"column":3}},"line":52},"5":{"name":"(anonymous_5)","decl":{"start":{"line":66,"column":12},"end":{"line":66,"column":13}},"loc":{"start":{"line":66,"column":18},"end":{"line":90,"column":1}},"line":66}},"branchMap":{"0":{"loc":{"start":{"line":35,"column":4},"end":{"line":37,"column":5}},"type":"if","locations":[{"start":{"line":35,"column":4},"end":{"line":37,"column":5}},{"start":{},"end":{}}],"line":35},"1":{"loc":{"start":{"line":41,"column":4},"end":{"line":47,"column":5}},"type":"if","locations":[{"start":{"line":41,"column":4},"end":{"line":47,"column":5}},{"start":{},"end":{}}],"line":41},"2":{"loc":{"start":{"line":41,"column":8},"end":{"line":41,"column":32}},"type":"binary-expr","locations":[{"start":{"line":41,"column":8},"end":{"line":41,"column":16}},{"start":{"line":41,"column":20},"end":{"line":41,"column":32}}],"line":41}},"s":{"0":0,"1":0,"2":0,"3":0,"4":0,"5":0,"6":0,"7":0,"8":0,"9":0,"10":0,"11":0,"12":0,"13":0,"14":0,"15":0,"16":0,"17":0,"18":0,"19":0,"20":0,"21":0},"f":{"0":0,"1":0,"2":0,"3":0,"4":0,"5":0},"b":{"0":[0,0],"1":[0,0],"2":[0,0]}}
,"/Users/danielspaude/code/boxtribute/boxtribute/react/src/index.tsx": {"path":"/Users/danielspaude/code/boxtribute/boxtribute/react/src/index.tsx","statementMap":{"0":{"start":{"line":12,"column":15},"end":{"line":22,"column":1}},"1":{"start":{"line":24,"column":14},"end":{"line":33,"column":2}},"2":{"start":{"line":35,"column":35},"end":{"line":35,"column":66}},"3":{"start":{"line":37,"column":0},"end":{"line":51,"column":2}},"4":{"start":{"line":56,"column":0},"end":{"line":56,"column":27}}},"fnMap":{},"branchMap":{},"s":{"0":0,"1":0,"2":0,"3":0,"4":0},"f":{},"b":{}}
,"/Users/danielspaude/code/boxtribute/boxtribute/react/src/serviceWorker.js": {"path":"/Users/danielspaude/code/boxtribute/boxtribute/react/src/serviceWorker.js","statementMap":{"0":{"start":{"line":15,"column":20},"end":{"line":21,"column":1}},"1":{"start":{"line":24,"column":2},"end":{"line":54,"column":3}},"2":{"start":{"line":26,"column":22},"end":{"line":26,"column":75}},"3":{"start":{"line":27,"column":4},"end":{"line":32,"column":5}},"4":{"start":{"line":31,"column":6},"end":{"line":31,"column":13}},"5":{"start":{"line":34,"column":4},"end":{"line":53,"column":7}},"6":{"start":{"line":35,"column":20},"end":{"line":35,"column":65}},"7":{"start":{"line":37,"column":6},"end":{"line":52,"column":7}},"8":{"start":{"line":39,"column":8},"end":{"line":39,"column":47}},"9":{"start":{"line":43,"column":8},"end":{"line":48,"column":11}},"10":{"start":{"line":44,"column":10},"end":{"line":47,"column":12}},"11":{"start":{"line":51,"column":8},"end":{"line":51,"column":39}},"12":{"start":{"line":58,"column":2},"end":{"line":98,"column":7}},"13":{"start":{"line":61,"column":6},"end":{"line":94,"column":8}},"14":{"start":{"line":62,"column":33},"end":{"line":62,"column":56}},"15":{"start":{"line":63,"column":8},"end":{"line":65,"column":9}},"16":{"start":{"line":64,"column":10},"end":{"line":64,"column":17}},"17":{"start":{"line":66,"column":8},"end":{"line":93,"column":10}},"18":{"start":{"line":67,"column":10},"end":{"line":92,"column":11}},"19":{"start":{"line":68,"column":12},"end":{"line":91,"column":13}},"20":{"start":{"line":72,"column":14},"end":{"line":75,"column":16}},"21":{"start":{"line":78,"column":14},"end":{"line":80,"column":15}},"22":{"start":{"line":79,"column":16},"end":{"line":79,"column":46}},"23":{"start":{"line":85,"column":14},"end":{"line":85,"column":64}},"24":{"start":{"line":88,"column":14},"end":{"line":90,"column":15}},"25":{"start":{"line":89,"column":16},"end":{"line":89,"column":47}},"26":{"start":{"line":97,"column":6},"end":{"line":97,"column":72}},"27":{"start":{"line":103,"column":2},"end":{"line":126,"column":7}},"28":{"start":{"line":108,"column":26},"end":{"line":108,"column":62}},"29":{"start":{"line":109,"column":6},"end":{"line":122,"column":7}},"30":{"start":{"line":114,"column":8},"end":{"line":118,"column":11}},"31":{"start":{"line":115,"column":10},"end":{"line":117,"column":13}},"32":{"start":{"line":116,"column":12},"end":{"line":116,"column":37}},"33":{"start":{"line":121,"column":8},"end":{"line":121,"column":39}},"34":{"start":{"line":125,"column":6},"end":{"line":125,"column":83}},"35":{"start":{"line":130,"column":2},"end":{"line":134,"column":3}},"36":{"start":{"line":131,"column":4},"end":{"line":133,"column":7}},"37":{"start":{"line":132,"column":6},"end":{"line":132,"column":32}}},"fnMap":{"0":{"name":"register","decl":{"start":{"line":23,"column":16},"end":{"line":23,"column":24}},"loc":{"start":{"line":23,"column":33},"end":{"line":55,"column":1}},"line":23},"1":{"name":"(anonymous_1)","decl":{"start":{"line":34,"column":36},"end":{"line":34,"column":37}},"loc":{"start":{"line":34,"column":42},"end":{"line":53,"column":5}},"line":34},"2":{"name":"(anonymous_2)","decl":{"start":{"line":43,"column":43},"end":{"line":43,"column":44}},"loc":{"start":{"line":43,"column":49},"end":{"line":48,"column":9}},"line":43},"3":{"name":"registerValidSW","decl":{"start":{"line":57,"column":9},"end":{"line":57,"column":24}},"loc":{"start":{"line":57,"column":40},"end":{"line":99,"column":1}},"line":57},"4":{"name":"(anonymous_4)","decl":{"start":{"line":60,"column":10},"end":{"line":60,"column":11}},"loc":{"start":{"line":60,"column":28},"end":{"line":95,"column":5}},"line":60},"5":{"name":"(anonymous_5)","decl":{"start":{"line":61,"column":35},"end":{"line":61,"column":36}},"loc":{"start":{"line":61,"column":41},"end":{"line":94,"column":7}},"line":61},"6":{"name":"(anonymous_6)","decl":{"start":{"line":66,"column":41},"end":{"line":66,"column":42}},"loc":{"start":{"line":66,"column":47},"end":{"line":93,"column":9}},"line":66},"7":{"name":"(anonymous_7)","decl":{"start":{"line":96,"column":11},"end":{"line":96,"column":12}},"loc":{"start":{"line":96,"column":22},"end":{"line":98,"column":5}},"line":96},"8":{"name":"checkValidServiceWorker","decl":{"start":{"line":101,"column":9},"end":{"line":101,"column":32}},"loc":{"start":{"line":101,"column":48},"end":{"line":127,"column":1}},"line":101},"9":{"name":"(anonymous_9)","decl":{"start":{"line":106,"column":10},"end":{"line":106,"column":11}},"loc":{"start":{"line":106,"column":24},"end":{"line":123,"column":5}},"line":106},"10":{"name":"(anonymous_10)","decl":{"start":{"line":114,"column":43},"end":{"line":114,"column":44}},"loc":{"start":{"line":114,"column":61},"end":{"line":118,"column":9}},"line":114},"11":{"name":"(anonymous_11)","decl":{"start":{"line":115,"column":41},"end":{"line":115,"column":42}},"loc":{"start":{"line":115,"column":47},"end":{"line":117,"column":11}},"line":115},"12":{"name":"(anonymous_12)","decl":{"start":{"line":124,"column":11},"end":{"line":124,"column":12}},"loc":{"start":{"line":124,"column":17},"end":{"line":126,"column":5}},"line":124},"13":{"name":"unregister","decl":{"start":{"line":129,"column":16},"end":{"line":129,"column":26}},"loc":{"start":{"line":129,"column":29},"end":{"line":135,"column":1}},"line":129},"14":{"name":"(anonymous_14)","decl":{"start":{"line":131,"column":39},"end":{"line":131,"column":40}},"loc":{"start":{"line":131,"column":57},"end":{"line":133,"column":5}},"line":131}},"branchMap":{"0":{"loc":{"start":{"line":16,"column":2},"end":{"line":20,"column":92}},"type":"binary-expr","locations":[{"start":{"line":16,"column":2},"end":{"line":16,"column":42}},{"start":{"line":18,"column":4},"end":{"line":18,"column":40}},{"start":{"line":20,"column":4},"end":{"line":20,"column":92}}],"line":16},"1":{"loc":{"start":{"line":24,"column":2},"end":{"line":54,"column":3}},"type":"if","locations":[{"start":{"line":24,"column":2},"end":{"line":54,"column":3}},{"start":{},"end":{}}],"line":24},"2":{"loc":{"start":{"line":24,"column":6},"end":{"line":24,"column":75}},"type":"binary-expr","locations":[{"start":{"line":24,"column":6},"end":{"line":24,"column":43}},{"start":{"line":24,"column":47},"end":{"line":24,"column":75}}],"line":24},"3":{"loc":{"start":{"line":27,"column":4},"end":{"line":32,"column":5}},"type":"if","locations":[{"start":{"line":27,"column":4},"end":{"line":32,"column":5}},{"start":{},"end":{}}],"line":27},"4":{"loc":{"start":{"line":37,"column":6},"end":{"line":52,"column":7}},"type":"if","locations":[{"start":{"line":37,"column":6},"end":{"line":52,"column":7}},{"start":{"line":49,"column":13},"end":{"line":52,"column":7}}],"line":37},"5":{"loc":{"start":{"line":63,"column":8},"end":{"line":65,"column":9}},"type":"if","locations":[{"start":{"line":63,"column":8},"end":{"line":65,"column":9}},{"start":{},"end":{}}],"line":63},"6":{"loc":{"start":{"line":67,"column":10},"end":{"line":92,"column":11}},"type":"if","locations":[{"start":{"line":67,"column":10},"end":{"line":92,"column":11}},{"start":{},"end":{}}],"line":67},"7":{"loc":{"start":{"line":68,"column":12},"end":{"line":91,"column":13}},"type":"if","locations":[{"start":{"line":68,"column":12},"end":{"line":91,"column":13}},{"start":{"line":81,"column":19},"end":{"line":91,"column":13}}],"line":68},"8":{"loc":{"start":{"line":78,"column":14},"end":{"line":80,"column":15}},"type":"if","locations":[{"start":{"line":78,"column":14},"end":{"line":80,"column":15}},{"start":{},"end":{}}],"line":78},"9":{"loc":{"start":{"line":78,"column":18},"end":{"line":78,"column":43}},"type":"binary-expr","locations":[{"start":{"line":78,"column":18},"end":{"line":78,"column":24}},{"start":{"line":78,"column":28},"end":{"line":78,"column":43}}],"line":78},"10":{"loc":{"start":{"line":88,"column":14},"end":{"line":90,"column":15}},"type":"if","locations":[{"start":{"line":88,"column":14},"end":{"line":90,"column":15}},{"start":{},"end":{}}],"line":88},"11":{"loc":{"start":{"line":88,"column":18},"end":{"line":88,"column":44}},"type":"binary-expr","locations":[{"start":{"line":88,"column":18},"end":{"line":88,"column":24}},{"start":{"line":88,"column":28},"end":{"line":88,"column":44}}],"line":88},"12":{"loc":{"start":{"line":109,"column":6},"end":{"line":122,"column":7}},"type":"if","locations":[{"start":{"line":109,"column":6},"end":{"line":122,"column":7}},{"start":{"line":119,"column":13},"end":{"line":122,"column":7}}],"line":109},"13":{"loc":{"start":{"line":110,"column":8},"end":{"line":111,"column":73}},"type":"binary-expr","locations":[{"start":{"line":110,"column":8},"end":{"line":110,"column":31}},{"start":{"line":111,"column":9},"end":{"line":111,"column":28}},{"start":{"line":111,"column":32},"end":{"line":111,"column":72}}],"line":110},"14":{"loc":{"start":{"line":130,"column":2},"end":{"line":134,"column":3}},"type":"if","locations":[{"start":{"line":130,"column":2},"end":{"line":134,"column":3}},{"start":{},"end":{}}],"line":130}},"s":{"0":0,"1":0,"2":0,"3":0,"4":0,"5":0,"6":0,"7":0,"8":0,"9":0,"10":0,"11":0,"12":0,"13":0,"14":0,"15":0,"16":0,"17":0,"18":0,"19":0,"20":0,"21":0,"22":0,"23":0,"24":0,"25":0,"26":0,"27":0,"28":0,"29":0,"30":0,"31":0,"32":0,"33":0,"34":0,"35":0,"36":0,"37":0},"f":{"0":0,"1":0,"2":0,"3":0,"4":0,"5":0,"6":0,"7":0,"8":0,"9":0,"10":0,"11":0,"12":0,"13":0,"14":0},"b":{"0":[0,0,0],"1":[0,0],"2":[0,0],"3":[0,0],"4":[0,0],"5":[0,0],"6":[0,0],"7":[0,0],"8":[0,0],"9":[0,0],"10":[0,0],"11":[0,0],"12":[0,0],"13":[0,0,0],"14":[0,0]}}
,"/Users/danielspaude/code/boxtribute/boxtribute/react/src/components/Layout.tsx": {"path":"/Users/danielspaude/code/boxtribute/boxtribute/react/src/components/Layout.tsx","statementMap":{"0":{"start":{"line":6,"column":15},"end":{"line":13,"column":1}},"1":{"start":{"line":7,"column":2},"end":{"line":12,"column":4}}},"fnMap":{"0":{"name":"(anonymous_0)","decl":{"start":{"line":6,"column":15},"end":{"line":6,"column":16}},"loc":{"start":{"line":6,"column":21},"end":{"line":13,"column":1}},"line":6}},"branchMap":{},"s":{"0":0,"1":0},"f":{"0":0},"b":{}}
,"/Users/danielspaude/code/boxtribute/boxtribute/react/src/components/QrScanner.tsx": {"path":"/Users/danielspaude/code/boxtribute/boxtribute/react/src/components/QrScanner.tsx","statementMap":{"0":{"start":{"line":11,"column":29},"end":{"line":15,"column":1}},"1":{"start":{"line":12,"column":13},"end":{"line":12,"column":30}},"2":{"start":{"line":13,"column":14},"end":{"line":13,"column":26}},"3":{"start":{"line":14,"column":2},"end":{"line":14,"column":18}},"4":{"start":{"line":17,"column":44},"end":{"line":26,"column":1}},"5":{"start":{"line":28,"column":18},"end":{"line":62,"column":1}},"6":{"start":{"line":29,"column":52},"end":{"line":32,"column":40}},"7":{"start":{"line":33,"column":19},"end":{"line":33,"column":32}},"8":{"start":{"line":34,"column":17},"end":{"line":34,"column":56}},"9":{"start":{"line":36,"column":2},"end":{"line":38,"column":31}},"10":{"start":{"line":37,"column":6},"end":{"line":37,"column":114}},"11":{"start":{"line":40,"column":2},"end":{"line":61,"column":4}},"12":{"start":{"line":48,"column":14},"end":{"line":53,"column":15}},"13":{"start":{"line":49,"column":31},"end":{"line":49,"column":67}},"14":{"start":{"line":50,"column":16},"end":{"line":52,"column":17}},"15":{"start":{"line":51,"column":18},"end":{"line":51,"column":75}},"16":{"start":{"line":55,"column":14},"end":{"line":57,"column":15}},"17":{"start":{"line":56,"column":16},"end":{"line":56,"column":36}}},"fnMap":{"0":{"name":"(anonymous_0)","decl":{"start":{"line":11,"column":29},"end":{"line":11,"column":30}},"loc":{"start":{"line":11,"column":38},"end":{"line":15,"column":1}},"line":11},"1":{"name":"(anonymous_1)","decl":{"start":{"line":28,"column":18},"end":{"line":28,"column":19}},"loc":{"start":{"line":28,"column":24},"end":{"line":62,"column":1}},"line":28},"2":{"name":"(anonymous_2)","decl":{"start":{"line":36,"column":12},"end":{"line":36,"column":13}},"loc":{"start":{"line":36,"column":18},"end":{"line":38,"column":3}},"line":36},"3":{"name":"(anonymous_3)","decl":{"start":{"line":47,"column":22},"end":{"line":47,"column":23}},"loc":{"start":{"line":47,"column":41},"end":{"line":58,"column":13}},"line":47}},"branchMap":{"0":{"loc":{"start":{"line":37,"column":6},"end":{"line":37,"column":113}},"type":"binary-expr","locations":[{"start":{"line":37,"column":6},"end":{"line":37,"column":40}},{"start":{"line":37,"column":44},"end":{"line":37,"column":113}}],"line":37},"1":{"loc":{"start":{"line":48,"column":14},"end":{"line":53,"column":15}},"type":"if","locations":[{"start":{"line":48,"column":14},"end":{"line":53,"column":15}},{"start":{},"end":{}}],"line":48},"2":{"loc":{"start":{"line":50,"column":16},"end":{"line":52,"column":17}},"type":"if","locations":[{"start":{"line":50,"column":16},"end":{"line":52,"column":17}},{"start":{},"end":{}}],"line":50},"3":{"loc":{"start":{"line":55,"column":14},"end":{"line":57,"column":15}},"type":"if","locations":[{"start":{"line":55,"column":14},"end":{"line":57,"column":15}},{"start":{},"end":{}}],"line":55}},"s":{"0":0,"1":0,"2":0,"3":0,"4":0,"5":0,"6":0,"7":0,"8":0,"9":0,"10":0,"11":0,"12":0,"13":0,"14":0,"15":0,"16":0,"17":0},"f":{"0":0,"1":0,"2":0,"3":0},"b":{"0":[0,0],"1":[0,0],"2":[0,0],"3":[0,0]}}
,"/Users/danielspaude/code/boxtribute/boxtribute/react/src/components/HeaderMenu/HeaderMenu.stories.tsx": {"path":"/Users/danielspaude/code/boxtribute/boxtribute/react/src/components/HeaderMenu/HeaderMenu.stories.tsx","statementMap":{"0":{"start":{"line":15,"column":17},"end":{"line":15,"column":73}},"1":{"start":{"line":19,"column":52},"end":{"line":21,"column":1}},"2":{"start":{"line":20,"column":2},"end":{"line":20,"column":26}},"3":{"start":{"line":23,"column":25},"end":{"line":23,"column":42}},"4":{"start":{"line":24,"column":0},"end":{"line":26,"column":2}},"5":{"start":{"line":28,"column":24},"end":{"line":28,"column":41}},"6":{"start":{"line":29,"column":0},"end":{"line":49,"column":2}}},"fnMap":{"0":{"name":"(anonymous_0)","decl":{"start":{"line":15,"column":6},"end":{"line":15,"column":7}},"loc":{"start":{"line":15,"column":17},"end":{"line":15,"column":73}},"line":15},"1":{"name":"(anonymous_1)","decl":{"start":{"line":19,"column":52},"end":{"line":19,"column":53}},"loc":{"start":{"line":20,"column":2},"end":{"line":20,"column":26}},"line":20}},"branchMap":{},"s":{"0":0,"1":0,"2":0,"3":0,"4":0,"5":0,"6":0},"f":{"0":0,"1":0},"b":{}}
,"/Users/danielspaude/code/boxtribute/boxtribute/react/src/components/HeaderMenu/HeaderMenu.tsx": {"path":"/Users/danielspaude/code/boxtribute/boxtribute/react/src/components/HeaderMenu/HeaderMenu.tsx","statementMap":{"0":{"start":{"line":23,"column":19},"end":{"line":30,"column":1}},"1":{"start":{"line":24,"column":2},"end":{"line":29,"column":4}},"2":{"start":{"line":32,"column":13},"end":{"line":36,"column":1}},"3":{"start":{"line":33,"column":2},"end":{"line":35,"column":12}},"4":{"start":{"line":42,"column":21},"end":{"line":62,"column":1}},"5":{"start":{"line":46,"column":2},"end":{"line":61,"column":4}},"6":{"start":{"line":49,"column":8},"end":{"line":58,"column":19}},"7":{"start":{"line":71,"column":17},"end":{"line":107,"column":1}},"8":{"start":{"line":77,"column":2},"end":{"line":106,"column":4}},"9":{"start":{"line":102,"column":35},"end":{"line":102,"column":43}},"10":{"start":{"line":116,"column":30},"end":{"line":136,"column":1}},"11":{"start":{"line":124,"column":2},"end":{"line":135,"column":4}},"12":{"start":{"line":132,"column":28},"end":{"line":132,"column":76}},"13":{"start":{"line":144,"column":18},"end":{"line":186,"column":1}},"14":{"start":{"line":150,"column":19},"end":{"line":159,"column":3}},"15":{"start":{"line":151,"column":4},"end":{"line":158,"column":14}},"16":{"start":{"line":154,"column":32},"end":{"line":154,"column":70}},"17":{"start":{"line":161,"column":2},"end":{"line":185,"column":4}},"18":{"start":{"line":188,"column":24},"end":{"line":203,"column":1}},"19":{"start":{"line":189,"column":2},"end":{"line":202,"column":9}},"20":{"start":{"line":206,"column":19},"end":{"line":227,"column":1}},"21":{"start":{"line":207,"column":38},"end":{"line":207,"column":53}},"22":{"start":{"line":208,"column":17},"end":{"line":208,"column":49}},"23":{"start":{"line":208,"column":23},"end":{"line":208,"column":49}},"24":{"start":{"line":210,"column":2},"end":{"line":226,"column":4}},"25":{"start":{"line":221,"column":27},"end":{"line":221,"column":47}}},"fnMap":{"0":{"name":"(anonymous_0)","decl":{"start":{"line":23,"column":19},"end":{"line":23,"column":20}},"loc":{"start":{"line":24,"column":2},"end":{"line":29,"column":4}},"line":24},"1":{"name":"(anonymous_1)","decl":{"start":{"line":32,"column":13},"end":{"line":32,"column":14}},"loc":{"start":{"line":33,"column":2},"end":{"line":35,"column":12}},"line":33},"2":{"name":"(anonymous_2)","decl":{"start":{"line":42,"column":21},"end":{"line":42,"column":22}},"loc":{"start":{"line":45,"column":25},"end":{"line":62,"column":1}},"line":45},"3":{"name":"(anonymous_3)","decl":{"start":{"line":48,"column":27},"end":{"line":48,"column":28}},"loc":{"start":{"line":49,"column":8},"end":{"line":58,"column":19}},"line":49},"4":{"name":"(anonymous_4)","decl":{"start":{"line":71,"column":17},"end":{"line":71,"column":18}},"loc":{"start":{"line":76,"column":21},"end":{"line":107,"column":1}},"line":76},"5":{"name":"(anonymous_5)","decl":{"start":{"line":102,"column":29},"end":{"line":102,"column":30}},"loc":{"start":{"line":102,"column":35},"end":{"line":102,"column":43}},"line":102},"6":{"name":"(anonymous_6)","decl":{"start":{"line":116,"column":30},"end":{"line":116,"column":31}},"loc":{"start":{"line":123,"column":34},"end":{"line":136,"column":1}},"line":123},"7":{"name":"(anonymous_7)","decl":{"start":{"line":132,"column":21},"end":{"line":132,"column":22}},"loc":{"start":{"line":132,"column":28},"end":{"line":132,"column":76}},"line":132},"8":{"name":"(anonymous_8)","decl":{"start":{"line":144,"column":18},"end":{"line":144,"column":19}},"loc":{"start":{"line":149,"column":22},"end":{"line":186,"column":1}},"line":149},"9":{"name":"(anonymous_9)","decl":{"start":{"line":150,"column":19},"end":{"line":150,"column":20}},"loc":{"start":{"line":151,"column":4},"end":{"line":158,"column":14}},"line":151},"10":{"name":"(anonymous_10)","decl":{"start":{"line":154,"column":13},"end":{"line":154,"column":14}},"loc":{"start":{"line":154,"column":32},"end":{"line":154,"column":70}},"line":154},"11":{"name":"(anonymous_11)","decl":{"start":{"line":188,"column":24},"end":{"line":188,"column":25}},"loc":{"start":{"line":189,"column":2},"end":{"line":202,"column":9}},"line":189},"12":{"name":"(anonymous_12)","decl":{"start":{"line":206,"column":19},"end":{"line":206,"column":20}},"loc":{"start":{"line":206,"column":47},"end":{"line":227,"column":1}},"line":206},"13":{"name":"(anonymous_13)","decl":{"start":{"line":208,"column":17},"end":{"line":208,"column":18}},"loc":{"start":{"line":208,"column":23},"end":{"line":208,"column":49}},"line":208},"14":{"name":"(anonymous_14)","decl":{"start":{"line":221,"column":21},"end":{"line":221,"column":22}},"loc":{"start":{"line":221,"column":27},"end":{"line":221,"column":47}},"line":221}},"branchMap":{"0":{"loc":{"start":{"line":26,"column":10},"end":{"line":26,"column":60}},"type":"cond-expr","locations":[{"start":{"line":26,"column":19},"end":{"line":26,"column":40}},{"start":{"line":26,"column":43},"end":{"line":26,"column":60}}],"line":26},"1":{"loc":{"start":{"line":27,"column":16},"end":{"line":27,"column":51}},"type":"cond-expr","locations":[{"start":{"line":27,"column":25},"end":{"line":27,"column":37}},{"start":{"line":27,"column":40},"end":{"line":27,"column":51}}],"line":27},"2":{"loc":{"start":{"line":52,"column":14},"end":{"line":52,"column":75}},"type":"cond-expr","locations":[{"start":{"line":52,"column":48},"end":{"line":52,"column":70}},{"start":{"line":52,"column":73},"end":{"line":52,"column":75}}],"line":52},"3":{"loc":{"start":{"line":124,"column":9},"end":{"line":135,"column":3}},"type":"cond-expr","locations":[{"start":{"line":125,"column":4},"end":{"line":130,"column":6}},{"start":{"line":132,"column":4},"end":{"line":134,"column":13}}],"line":124},"4":{"loc":{"start":{"line":132,"column":28},"end":{"line":132,"column":76}},"type":"cond-expr","locations":[{"start":{"line":132,"column":46},"end":{"line":132,"column":54}},{"start":{"line":132,"column":57},"end":{"line":132,"column":76}}],"line":132},"5":{"loc":{"start":{"line":154,"column":32},"end":{"line":154,"column":70}},"type":"cond-expr","locations":[{"start":{"line":154,"column":43},"end":{"line":154,"column":65}},{"start":{"line":154,"column":68},"end":{"line":154,"column":70}}],"line":154},"6":{"loc":{"start":{"line":220,"column":25},"end":{"line":220,"column":54}},"type":"cond-expr","locations":[{"start":{"line":220,"column":38},"end":{"line":220,"column":45}},{"start":{"line":220,"column":48},"end":{"line":220,"column":54}}],"line":220}},"s":{"0":0,"1":0,"2":0,"3":0,"4":0,"5":0,"6":0,"7":0,"8":0,"9":0,"10":0,"11":0,"12":0,"13":0,"14":0,"15":0,"16":0,"17":0,"18":0,"19":0,"20":0,"21":0,"22":0,"23":0,"24":0,"25":0},"f":{"0":0,"1":0,"2":0,"3":0,"4":0,"5":0,"6":0,"7":0,"8":0,"9":0,"10":0,"11":0,"12":0,"13":0,"14":0},"b":{"0":[0,0],"1":[0,0],"2":[0,0],"3":[0,0],"4":[0,0],"5":[0,0],"6":[0,0]}}
,"/Users/danielspaude/code/boxtribute/boxtribute/react/src/components/HeaderMenu/HeaderMenuContainer.tsx": {"path":"/Users/danielspaude/code/boxtribute/boxtribute/react/src/components/HeaderMenu/HeaderMenuContainer.tsx","statementMap":{"0":{"start":{"line":8,"column":28},"end":{"line":22,"column":1}},"1":{"start":{"line":9,"column":32},"end":{"line":9,"column":68}},"2":{"start":{"line":10,"column":16},"end":{"line":10,"column":26}},"3":{"start":{"line":11,"column":17},"end":{"line":11,"column":55}},"4":{"start":{"line":12,"column":2},"end":{"line":14,"column":3}},"5":{"start":{"line":13,"column":4},"end":{"line":13,"column":37}},"6":{"start":{"line":15,"column":2},"end":{"line":21,"column":4}}},"fnMap":{"0":{"name":"(anonymous_0)","decl":{"start":{"line":8,"column":28},"end":{"line":8,"column":29}},"loc":{"start":{"line":8,"column":34},"end":{"line":22,"column":1}},"line":8}},"branchMap":{"0":{"loc":{"start":{"line":12,"column":2},"end":{"line":14,"column":3}},"type":"if","locations":[{"start":{"line":12,"column":2},"end":{"line":14,"column":3}},{"start":{},"end":{}}],"line":12}},"s":{"0":0,"1":0,"2":0,"3":0,"4":0,"5":0,"6":0},"f":{"0":0},"b":{"0":[0,0]}}
,"/Users/danielspaude/code/boxtribute/boxtribute/react/src/providers/ApolloAuth0Provider.tsx": {"path":"/Users/danielspaude/code/boxtribute/boxtribute/react/src/providers/ApolloAuth0Provider.tsx","statementMap":{"0":{"start":{"line":17,"column":54},"end":{"line":17,"column":64}},"1":{"start":{"line":18,"column":38},"end":{"line":18,"column":58}},"2":{"start":{"line":19,"column":19},"end":{"line":21,"column":4}},"3":{"start":{"line":23,"column":2},"end":{"line":29,"column":48}},"4":{"start":{"line":24,"column":26},"end":{"line":27,"column":5}},"5":{"start":{"line":25,"column":20},"end":{"line":25,"column":73}},"6":{"start":{"line":26,"column":6},"end":{"line":26,"column":27}},"7":{"start":{"line":28,"column":4},"end":{"line":28,"column":20}},"8":{"start":{"line":31,"column":20},"end":{"line":42,"column":4}},"9":{"start":{"line":32,"column":4},"end":{"line":32,"column":49}},"10":{"start":{"line":32,"column":21},"end":{"line":32,"column":49}},"11":{"start":{"line":34,"column":4},"end":{"line":41,"column":6}},"12":{"start":{"line":44,"column":41},"end":{"line":51,"column":3}},"13":{"start":{"line":53,"column":17},"end":{"line":57,"column":4}},"14":{"start":{"line":59,"column":2},"end":{"line":59,"column":69}}},"fnMap":{"0":{"name":"ApolloAuth0Provider","decl":{"start":{"line":16,"column":9},"end":{"line":16,"column":28}},"loc":{"start":{"line":16,"column":68},"end":{"line":60,"column":1}},"line":16},"1":{"name":"(anonymous_1)","decl":{"start":{"line":23,"column":12},"end":{"line":23,"column":13}},"loc":{"start":{"line":23,"column":18},"end":{"line":29,"column":3}},"line":23},"2":{"name":"(anonymous_2)","decl":{"start":{"line":24,"column":26},"end":{"line":24,"column":27}},"loc":{"start":{"line":24,"column":38},"end":{"line":27,"column":5}},"line":24},"3":{"name":"(anonymous_3)","decl":{"start":{"line":31,"column":31},"end":{"line":31,"column":32}},"loc":{"start":{"line":31,"column":60},"end":{"line":42,"column":3}},"line":31}},"branchMap":{"0":{"loc":{"start":{"line":25,"column":20},"end":{"line":25,"column":73}},"type":"cond-expr","locations":[{"start":{"line":25,"column":38},"end":{"line":25,"column":68}},{"start":{"line":25,"column":71},"end":{"line":25,"column":73}}],"line":25},"1":{"loc":{"start":{"line":32,"column":4},"end":{"line":32,"column":49}},"type":"if","locations":[{"start":{"line":32,"column":4},"end":{"line":32,"column":49}},{"start":{},"end":{}}],"line":32}},"s":{"0":0,"1":0,"2":0,"3":0,"4":0,"5":0,"6":0,"7":0,"8":0,"9":0,"10":0,"11":0,"12":0,"13":0,"14":0},"f":{"0":0,"1":0,"2":0,"3":0},"b":{"0":[0,0],"1":[0,0]}}
,"/Users/danielspaude/code/boxtribute/boxtribute/react/src/providers/Auth0ProviderWithHistory.tsx": {"path":"/Users/danielspaude/code/boxtribute/boxtribute/react/src/providers/Auth0ProviderWithHistory.tsx","statementMap":{"0":{"start":{"line":8,"column":33},"end":{"line":30,"column":1}},"1":{"start":{"line":9,"column":17},"end":{"line":9,"column":61}},"2":{"start":{"line":10,"column":19},"end":{"line":10,"column":66}},"3":{"start":{"line":11,"column":19},"end":{"line":11,"column":65}},"4":{"start":{"line":13,"column":19},"end":{"line":13,"column":32}},"5":{"start":{"line":15,"column":29},"end":{"line":17,"column":3}},"6":{"start":{"line":16,"column":4},"end":{"line":16,"column":61}},"7":{"start":{"line":19,"column":2},"end":{"line":29,"column":4}}},"fnMap":{"0":{"name":"(anonymous_0)","decl":{"start":{"line":8,"column":33},"end":{"line":8,"column":34}},"loc":{"start":{"line":8,"column":51},"end":{"line":30,"column":1}},"line":8},"1":{"name":"(anonymous_1)","decl":{"start":{"line":15,"column":29},"end":{"line":15,"column":30}},"loc":{"start":{"line":15,"column":43},"end":{"line":17,"column":3}},"line":15}},"branchMap":{"0":{"loc":{"start":{"line":16,"column":13},"end":{"line":16,"column":59}},"type":"binary-expr","locations":[{"start":{"line":16,"column":13},"end":{"line":16,"column":31}},{"start":{"line":16,"column":35},"end":{"line":16,"column":59}}],"line":16}},"s":{"0":0,"1":0,"2":0,"3":0,"4":0,"5":0,"6":0,"7":0},"f":{"0":0,"1":0},"b":{"0":[0,0]}}
,"/Users/danielspaude/code/boxtribute/boxtribute/react/src/providers/GlobalPreferencesProvider.tsx": {"path":"/Users/danielspaude/code/boxtribute/boxtribute/react/src/providers/GlobalPreferencesProvider.tsx","statementMap":{"0":{"start":{"line":15,"column":69},"end":{"line":17,"column":1}},"1":{"start":{"line":36,"column":32},"end":{"line":47,"column":1}},"2":{"start":{"line":37,"column":2},"end":{"line":46,"column":3}},"3":{"start":{"line":39,"column":6},"end":{"line":39,"column":58}},"4":{"start":{"line":41,"column":6},"end":{"line":41,"column":58}},"5":{"start":{"line":43,"column":6},"end":{"line":43,"column":66}},"6":{"start":{"line":45,"column":6},"end":{"line":45,"column":19}},"7":{"start":{"line":49,"column":34},"end":{"line":58,"column":1}},"8":{"start":{"line":51,"column":40},"end":{"line":51,"column":79}},"9":{"start":{"line":53,"column":2},"end":{"line":57,"column":4}}},"fnMap":{"0":{"name":"(anonymous_0)","decl":{"start":{"line":36,"column":32},"end":{"line":36,"column":33}},"loc":{"start":{"line":36,"column":98},"end":{"line":47,"column":1}},"line":36},"1":{"name":"(anonymous_1)","decl":{"start":{"line":49,"column":34},"end":{"line":49,"column":35}},"loc":{"start":{"line":49,"column":52},"end":{"line":58,"column":1}},"line":49}},"branchMap":{"0":{"loc":{"start":{"line":37,"column":2},"end":{"line":46,"column":3}},"type":"switch","locations":[{"start":{"line":38,"column":4},"end":{"line":39,"column":58}},{"start":{"line":40,"column":4},"end":{"line":41,"column":58}},{"start":{"line":42,"column":4},"end":{"line":43,"column":66}},{"start":{"line":44,"column":4},"end":{"line":45,"column":19}}],"line":37}},"s":{"0":0,"1":0,"2":0,"3":0,"4":0,"5":0,"6":0,"7":0,"8":0,"9":0},"f":{"0":0,"1":0},"b":{"0":[0,0,0,0]}}
,"/Users/danielspaude/code/boxtribute/boxtribute/react/src/types/generated/graphql.ts": {"path":"/Users/danielspaude/code/boxtribute/boxtribute/react/src/types/generated/graphql.ts","statementMap":{},"fnMap":{},"branchMap":{},"s":{},"f":{},"b":{}}
,"/Users/danielspaude/code/boxtribute/boxtribute/react/src/utils/helpers.ts": {"path":"/Users/danielspaude/code/boxtribute/boxtribute/react/src/utils/helpers.ts","statementMap":{"0":{"start":{"line":1,"column":16},"end":{"line":7,"column":26}},"1":{"start":{"line":2,"column":2},"end":{"line":7,"column":26}},"2":{"start":{"line":3,"column":18},"end":{"line":3,"column":37}},"3":{"start":{"line":4,"column":4},"end":{"line":4,"column":47}},"4":{"start":{"line":4,"column":26},"end":{"line":4,"column":47}},"5":{"start":{"line":5,"column":4},"end":{"line":5,"column":38}},"6":{"start":{"line":6,"column":4},"end":{"line":6,"column":20}}},"fnMap":{"0":{"name":"(anonymous_0)","decl":{"start":{"line":1,"column":16},"end":{"line":1,"column":17}},"loc":{"start":{"line":2,"column":2},"end":{"line":7,"column":26}},"line":2},"1":{"name":"(anonymous_1)","decl":{"start":{"line":2,"column":14},"end":{"line":2,"column":15}},"loc":{"start":{"line":2,"column":41},"end":{"line":7,"column":3}},"line":2}},"branchMap":{"0":{"loc":{"start":{"line":4,"column":4},"end":{"line":4,"column":47}},"type":"if","locations":[{"start":{"line":4,"column":4},"end":{"line":4,"column":47}},{"start":{},"end":{}}],"line":4}},"s":{"0":0,"1":0,"2":0,"3":0,"4":0,"5":0,"6":0},"f":{"0":0,"1":0},"b":{"0":[0,0]}}
,"/Users/danielspaude/code/boxtribute/boxtribute/react/src/utils/hooks.ts": {"path":"/Users/danielspaude/code/boxtribute/boxtribute/react/src/utils/hooks.ts","statementMap":{"0":{"start":{"line":4,"column":30},"end":{"line":4,"column":52}},"1":{"start":{"line":5,"column":19},"end":{"line":7,"column":10}},"2":{"start":{"line":6,"column":6},"end":{"line":6,"column":24}},"3":{"start":{"line":6,"column":20},"end":{"line":6,"column":22}},"4":{"start":{"line":8,"column":4},"end":{"line":8,"column":52}}},"fnMap":{"0":{"name":"useToggle","decl":{"start":{"line":3,"column":24},"end":{"line":3,"column":33}},"loc":{"start":{"line":3,"column":56},"end":{"line":9,"column":3}},"line":3},"1":{"name":"(anonymous_1)","decl":{"start":{"line":5,"column":31},"end":{"line":5,"column":32}},"loc":{"start":{"line":5,"column":37},"end":{"line":7,"column":5}},"line":5},"2":{"name":"(anonymous_2)","decl":{"start":{"line":6,"column":15},"end":{"line":6,"column":16}},"loc":{"start":{"line":6,"column":20},"end":{"line":6,"column":22}},"line":6}},"branchMap":{"0":{"loc":{"start":{"line":3,"column":34},"end":{"line":3,"column":54}},"type":"default-arg","locations":[{"start":{"line":3,"column":49},"end":{"line":3,"column":54}}],"line":3}},"s":{"0":0,"1":0,"2":0,"3":0,"4":0},"f":{"0":0,"1":0,"2":0},"b":{"0":[0]}}
,"/Users/danielspaude/code/boxtribute/boxtribute/react/src/utils/test-utils.tsx": {"path":"/Users/danielspaude/code/boxtribute/boxtribute/react/src/utils/test-utils.tsx","statementMap":{"0":{"start":{"line":16,"column":28},"end":{"line":28,"column":3}},"1":{"start":{"line":17,"column":4},"end":{"line":27,"column":6}},"2":{"start":{"line":29,"column":2},"end":{"line":32,"column":5}}},"fnMap":{"0":{"name":"render","decl":{"start":{"line":7,"column":9},"end":{"line":7,"column":15}},"loc":{"start":{"line":15,"column":2},"end":{"line":33,"column":1}},"line":15},"1":{"name":"(anonymous_1)","decl":{"start":{"line":16,"column":28},"end":{"line":16,"column":29}},"loc":{"start":{"line":16,"column":46},"end":{"line":28,"column":3}},"line":16}},"branchMap":{},"s":{"0":10,"1":10,"2":10},"f":{"0":10,"1":10},"b":{},"_coverageSchema":"1a1c01bbd47fc00a2c39e90264f33305004495a9","hash":"81683742b7ac47a93f99ad9be6cecac474591794"}
,"/Users/danielspaude/code/boxtribute/boxtribute/react/src/views/AutomaticBaseSwitcher/AutomaticBaseSwitcher.tsx": {"path":"/Users/danielspaude/code/boxtribute/boxtribute/react/src/views/AutomaticBaseSwitcher/AutomaticBaseSwitcher.tsx","statementMap":{"0":{"start":{"line":5,"column":30},"end":{"line":31,"column":1}},"1":{"start":{"line":6,"column":19},"end":{"line":6,"column":32}},"2":{"start":{"line":7,"column":32},"end":{"line":7,"column":68}},"3":{"start":{"line":9,"column":42},"end":{"line":9,"column":60}},"4":{"start":{"line":11,"column":2},"end":{"line":21,"column":51}},"5":{"start":{"line":12,"column":18},"end":{"line":12,"column":50}},"6":{"start":{"line":13,"column":4},"end":{"line":20,"column":5}},"7":{"start":{"line":14,"column":6},"end":{"line":19,"column":7}},"8":{"start":{"line":15,"column":26},"end":{"line":15,"column":37}},"9":{"start":{"line":16,"column":8},"end":{"line":16,"column":50}},"10":{"start":{"line":18,"column":8},"end":{"line":18,"column":70}},"11":{"start":{"line":24,"column":2},"end":{"line":26,"column":3}},"12":{"start":{"line":25,"column":4},"end":{"line":25,"column":31}},"13":{"start":{"line":28,"column":2},"end":{"line":30,"column":4}}},"fnMap":{"0":{"name":"(anonymous_0)","decl":{"start":{"line":5,"column":30},"end":{"line":5,"column":31}},"loc":{"start":{"line":5,"column":36},"end":{"line":31,"column":1}},"line":5},"1":{"name":"(anonymous_1)","decl":{"start":{"line":11,"column":12},"end":{"line":11,"column":13}},"loc":{"start":{"line":11,"column":18},"end":{"line":21,"column":3}},"line":11}},"branchMap":{"0":{"loc":{"start":{"line":13,"column":4},"end":{"line":20,"column":5}},"type":"if","locations":[{"start":{"line":13,"column":4},"end":{"line":20,"column":5}},{"start":{},"end":{}}],"line":13},"1":{"loc":{"start":{"line":14,"column":6},"end":{"line":19,"column":7}},"type":"if","locations":[{"start":{"line":14,"column":6},"end":{"line":19,"column":7}},{"start":{"line":17,"column":13},"end":{"line":19,"column":7}}],"line":14},"2":{"loc":{"start":{"line":24,"column":2},"end":{"line":26,"column":3}},"type":"if","locations":[{"start":{"line":24,"column":2},"end":{"line":26,"column":3}},{"start":{},"end":{}}],"line":24}},"s":{"0":0,"1":0,"2":0,"3":0,"4":0,"5":0,"6":0,"7":0,"8":0,"9":0,"10":0,"11":0,"12":0,"13":0},"f":{"0":0,"1":0},"b":{"0":[0,0],"1":[0,0],"2":[0,0]}}
,"/Users/danielspaude/code/boxtribute/boxtribute/react/src/views/BTLocations/BTLocation.tsx": {"path":"/Users/danielspaude/code/boxtribute/boxtribute/react/src/views/BTLocations/BTLocation.tsx","statementMap":{"0":{"start":{"line":7,"column":23},"end":{"line":29,"column":1}},"1":{"start":{"line":31,"column":19},"end":{"line":60,"column":1}},"2":{"start":{"line":32,"column":21},"end":{"line":32,"column":67}},"3":{"start":{"line":33,"column":35},"end":{"line":37,"column":4}},"4":{"start":{"line":39,"column":2},"end":{"line":39,"column":44}},"5":{"start":{"line":39,"column":15},"end":{"line":39,"column":44}},"6":{"start":{"line":40,"column":2},"end":{"line":40,"column":78}},"7":{"start":{"line":40,"column":29},"end":{"line":40,"column":78}},"8":{"start":{"line":41,"column":2},"end":{"line":41,"column":65}},"9":{"start":{"line":41,"column":29},"end":{"line":41,"column":65}},"10":{"start":{"line":43,"column":2},"end":{"line":59,"column":4}},"11":{"start":{"line":52,"column":12},"end":{"line":54,"column":23}}},"fnMap":{"0":{"name":"(anonymous_0)","decl":{"start":{"line":31,"column":19},"end":{"line":31,"column":20}},"loc":{"start":{"line":31,"column":25},"end":{"line":60,"column":1}},"line":31},"1":{"name":"(anonymous_1)","decl":{"start":{"line":51,"column":47},"end":{"line":51,"column":48}},"loc":{"start":{"line":52,"column":12},"end":{"line":54,"column":23}},"line":52}},"branchMap":{"0":{"loc":{"start":{"line":39,"column":2},"end":{"line":39,"column":44}},"type":"if","locations":[{"start":{"line":39,"column":2},"end":{"line":39,"column":44}},{"start":{},"end":{}}],"line":39},"1":{"loc":{"start":{"line":40,"column":2},"end":{"line":40,"column":78}},"type":"if","locations":[{"start":{"line":40,"column":2},"end":{"line":40,"column":78}},{"start":{},"end":{}}],"line":40},"2":{"loc":{"start":{"line":40,"column":6},"end":{"line":40,"column":27}},"type":"binary-expr","locations":[{"start":{"line":40,"column":6},"end":{"line":40,"column":11}},{"start":{"line":40,"column":15},"end":{"line":40,"column":27}}],"line":40},"3":{"loc":{"start":{"line":41,"column":2},"end":{"line":41,"column":65}},"type":"if","locations":[{"start":{"line":41,"column":2},"end":{"line":41,"column":65}},{"start":{},"end":{}}],"line":41}},"s":{"0":0,"1":0,"2":0,"3":0,"4":0,"5":0,"6":0,"7":0,"8":0,"9":0,"10":0,"11":0},"f":{"0":0,"1":0},"b":{"0":[0,0],"1":[0,0],"2":[0,0],"3":[0,0]}}
,"/Users/danielspaude/code/boxtribute/boxtribute/react/src/views/BTLocations/BTLocations.tsx": {"path":"/Users/danielspaude/code/boxtribute/boxtribute/react/src/views/BTLocations/BTLocations.tsx","statementMap":{"0":{"start":{"line":8,"column":31},"end":{"line":17,"column":1}},"1":{"start":{"line":19,"column":31},"end":{"line":41,"column":1}},"2":{"start":{"line":20,"column":35},"end":{"line":27,"column":3}},"3":{"start":{"line":29,"column":2},"end":{"line":29,"column":44}},"4":{"start":{"line":29,"column":15},"end":{"line":29,"column":44}},"5":{"start":{"line":30,"column":2},"end":{"line":30,"column":54}},"6":{"start":{"line":30,"column":13},"end":{"line":30,"column":54}},"7":{"start":{"line":32,"column":2},"end":{"line":40,"column":4}},"8":{"start":{"line":35,"column":8},"end":{"line":37,"column":19}},"9":{"start":{"line":43,"column":20},"end":{"line":56,"column":1}},"10":{"start":{"line":44,"column":17},"end":{"line":44,"column":55}},"11":{"start":{"line":46,"column":2},"end":{"line":48,"column":3}},"12":{"start":{"line":47,"column":4},"end":{"line":47,"column":40}},"13":{"start":{"line":50,"column":2},"end":{"line":55,"column":4}}},"fnMap":{"0":{"name":"(anonymous_0)","decl":{"start":{"line":19,"column":31},"end":{"line":19,"column":32}},"loc":{"start":{"line":19,"column":66},"end":{"line":41,"column":1}},"line":19},"1":{"name":"(anonymous_1)","decl":{"start":{"line":34,"column":34},"end":{"line":34,"column":35}},"loc":{"start":{"line":35,"column":8},"end":{"line":37,"column":19}},"line":35},"2":{"name":"(anonymous_2)","decl":{"start":{"line":43,"column":20},"end":{"line":43,"column":21}},"loc":{"start":{"line":43,"column":26},"end":{"line":56,"column":1}},"line":43}},"branchMap":{"0":{"loc":{"start":{"line":29,"column":2},"end":{"line":29,"column":44}},"type":"if","locations":[{"start":{"line":29,"column":2},"end":{"line":29,"column":44}},{"start":{},"end":{}}],"line":29},"1":{"loc":{"start":{"line":30,"column":2},"end":{"line":30,"column":54}},"type":"if","locations":[{"start":{"line":30,"column":2},"end":{"line":30,"column":54}},{"start":{},"end":{}}],"line":30},"2":{"loc":{"start":{"line":46,"column":2},"end":{"line":48,"column":3}},"type":"if","locations":[{"start":{"line":46,"column":2},"end":{"line":48,"column":3}},{"start":{},"end":{}}],"line":46}},"s":{"0":1,"1":1,"2":5,"3":5,"4":3,"5":2,"6":0,"7":2,"8":4,"9":1,"10":3,"11":3,"12":0,"13":3},"f":{"0":5,"1":4,"2":3},"b":{"0":[3,2],"1":[0,2],"2":[0,3]},"_coverageSchema":"1a1c01bbd47fc00a2c39e90264f33305004495a9","hash":"b2024d082d4a26ae872e61cadc12d0db9d68f614"}
,"/Users/danielspaude/code/boxtribute/boxtribute/react/src/views/Box/BoxView.tsx": {"path":"/Users/danielspaude/code/boxtribute/boxtribute/react/src/views/Box/BoxView.tsx","statementMap":{"0":{"start":{"line":11,"column":45},"end":{"line":33,"column":1}},"1":{"start":{"line":35,"column":47},"end":{"line":66,"column":1}},"2":{"start":{"line":68,"column":14},"end":{"line":113,"column":1}},"3":{"start":{"line":70,"column":4},"end":{"line":70,"column":61}},"4":{"start":{"line":71,"column":35},"end":{"line":78,"column":4}},"5":{"start":{"line":80,"column":46},"end":{"line":83,"column":36}},"6":{"start":{"line":85,"column":2},"end":{"line":87,"column":3}},"7":{"start":{"line":86,"column":4},"end":{"line":86,"column":33}},"8":{"start":{"line":88,"column":2},"end":{"line":90,"column":3}},"9":{"start":{"line":89,"column":4},"end":{"line":89,"column":38}},"10":{"start":{"line":91,"column":2},"end":{"line":94,"column":3}},"11":{"start":{"line":92,"column":4},"end":{"line":92,"column":49}},"12":{"start":{"line":93,"column":4},"end":{"line":93,"column":29}},"13":{"start":{"line":96,"column":18},"end":{"line":96,"column":61}},"14":{"start":{"line":98,"column":35},"end":{"line":105,"column":3}},"15":{"start":{"line":99,"column":4},"end":{"line":104,"column":7}},"16":{"start":{"line":107,"column":2},"end":{"line":112,"column":4}}},"fnMap":{"0":{"name":"(anonymous_0)","decl":{"start":{"line":68,"column":14},"end":{"line":68,"column":15}},"loc":{"start":{"line":68,"column":20},"end":{"line":113,"column":1}},"line":68},"1":{"name":"(anonymous_1)","decl":{"start":{"line":98,"column":35},"end":{"line":98,"column":36}},"loc":{"start":{"line":98,"column":59},"end":{"line":105,"column":3}},"line":98}},"branchMap":{"0":{"loc":{"start":{"line":85,"column":2},"end":{"line":87,"column":3}},"type":"if","locations":[{"start":{"line":85,"column":2},"end":{"line":87,"column":3}},{"start":{},"end":{}}],"line":85},"1":{"loc":{"start":{"line":88,"column":2},"end":{"line":90,"column":3}},"type":"if","locations":[{"start":{"line":88,"column":2},"end":{"line":90,"column":3}},{"start":{},"end":{}}],"line":88},"2":{"loc":{"start":{"line":91,"column":2},"end":{"line":94,"column":3}},"type":"if","locations":[{"start":{"line":91,"column":2},"end":{"line":94,"column":3}},{"start":{},"end":{}}],"line":91},"3":{"loc":{"start":{"line":91,"column":6},"end":{"line":91,"column":35}},"type":"binary-expr","locations":[{"start":{"line":91,"column":6},"end":{"line":91,"column":11}},{"start":{"line":91,"column":15},"end":{"line":91,"column":35}}],"line":91},"4":{"loc":{"start":{"line":92,"column":18},"end":{"line":92,"column":47}},"type":"binary-expr","locations":[{"start":{"line":92,"column":18},"end":{"line":92,"column":23}},{"start":{"line":92,"column":27},"end":{"line":92,"column":47}}],"line":92},"5":{"loc":{"start":{"line":96,"column":18},"end":{"line":96,"column":61}},"type":"binary-expr","locations":[{"start":{"line":96,"column":18},"end":{"line":96,"column":48}},{"start":{"line":96,"column":52},"end":{"line":96,"column":61}}],"line":96}},"s":{"0":0,"1":0,"2":0,"3":0,"4":0,"5":0,"6":0,"7":0,"8":0,"9":0,"10":0,"11":0,"12":0,"13":0,"14":0,"15":0,"16":0},"f":{"0":0,"1":0},"b":{"0":[0,0],"1":[0,0],"2":[0,0],"3":[0,0],"4":[0,0],"5":[0,0]}}
,"/Users/danielspaude/code/boxtribute/boxtribute/react/src/views/Box/components/BoxDetails.tsx": {"path":"/Users/danielspaude/code/boxtribute/boxtribute/react/src/views/Box/components/BoxDetails.tsx","statementMap":{"0":{"start":{"line":16,"column":19},"end":{"line":97,"column":1}},"1":{"start":{"line":20,"column":2},"end":{"line":23,"column":3}},"2":{"start":{"line":21,"column":4},"end":{"line":21,"column":59}},"3":{"start":{"line":22,"column":4},"end":{"line":22,"column":59}},"4":{"start":{"line":25,"column":2},"end":{"line":96,"column":4}},"5":{"start":{"line":84,"column":12},"end":{"line":91,"column":23}},"6":{"start":{"line":86,"column":31},"end":{"line":86,"column":63}}},"fnMap":{"0":{"name":"(anonymous_0)","decl":{"start":{"line":16,"column":19},"end":{"line":16,"column":20}},"loc":{"start":{"line":19,"column":23},"end":{"line":97,"column":1}},"line":19},"1":{"name":"(anonymous_1)","decl":{"start":{"line":83,"column":50},"end":{"line":83,"column":51}},"loc":{"start":{"line":84,"column":12},"end":{"line":91,"column":23}},"line":84},"2":{"name":"(anonymous_2)","decl":{"start":{"line":86,"column":25},"end":{"line":86,"column":26}},"loc":{"start":{"line":86,"column":31},"end":{"line":86,"column":63}},"line":86}},"branchMap":{"0":{"loc":{"start":{"line":20,"column":2},"end":{"line":23,"column":3}},"type":"if","locations":[{"start":{"line":20,"column":2},"end":{"line":23,"column":3}},{"start":{},"end":{}}],"line":20}},"s":{"0":0,"1":0,"2":0,"3":0,"4":0,"5":0,"6":0},"f":{"0":0,"1":0,"2":0},"b":{"0":[0,0]}}
,"/Users/danielspaude/code/boxtribute/boxtribute/react/src/views/BoxEdit/BoxEditView.tsx": {"path":"/Users/danielspaude/code/boxtribute/boxtribute/react/src/views/BoxEdit/BoxEditView.tsx","statementMap":{"0":{"start":{"line":11,"column":62},"end":{"line":48,"column":1}},"1":{"start":{"line":50,"column":46},"end":{"line":61,"column":1}},"2":{"start":{"line":63,"column":20},"end":{"line":117,"column":1}},"3":{"start":{"line":65,"column":4},"end":{"line":65,"column":61}},"4":{"start":{"line":66,"column":28},"end":{"line":73,"column":4}},"5":{"start":{"line":74,"column":17},"end":{"line":74,"column":55}},"6":{"start":{"line":75,"column":19},"end":{"line":75,"column":32}},"7":{"start":{"line":77,"column":39},"end":{"line":80,"column":35}},"8":{"start":{"line":82,"column":30},"end":{"line":97,"column":3}},"9":{"start":{"line":83,"column":4},"end":{"line":96,"column":9}},"10":{"start":{"line":90,"column":8},"end":{"line":92,"column":10}},"11":{"start":{"line":95,"column":8},"end":{"line":95,"column":63}},"12":{"start":{"line":99,"column":2},"end":{"line":101,"column":3}},"13":{"start":{"line":100,"column":4},"end":{"line":100,"column":33}},"14":{"start":{"line":102,"column":18},"end":{"line":102,"column":27}},"15":{"start":{"line":103,"column":22},"end":{"line":103,"column":36}},"16":{"start":{"line":105,"column":2},"end":{"line":108,"column":3}},"17":{"start":{"line":106,"column":4},"end":{"line":106,"column":50}},"18":{"start":{"line":107,"column":4},"end":{"line":107,"column":79}},"19":{"start":{"line":110,"column":2},"end":{"line":116,"column":4}}},"fnMap":{"0":{"name":"(anonymous_0)","decl":{"start":{"line":63,"column":20},"end":{"line":63,"column":21}},"loc":{"start":{"line":63,"column":26},"end":{"line":117,"column":1}},"line":63},"1":{"name":"(anonymous_1)","decl":{"start":{"line":82,"column":30},"end":{"line":82,"column":31}},"loc":{"start":{"line":82,"column":64},"end":{"line":97,"column":3}},"line":82},"2":{"name":"(anonymous_2)","decl":{"start":{"line":89,"column":12},"end":{"line":89,"column":13}},"loc":{"start":{"line":89,"column":32},"end":{"line":93,"column":7}},"line":89},"3":{"name":"(anonymous_3)","decl":{"start":{"line":94,"column":13},"end":{"line":94,"column":14}},"loc":{"start":{"line":94,"column":24},"end":{"line":96,"column":7}},"line":94}},"branchMap":{"0":{"loc":{"start":{"line":99,"column":2},"end":{"line":101,"column":3}},"type":"if","locations":[{"start":{"line":99,"column":2},"end":{"line":101,"column":3}},{"start":{},"end":{}}],"line":99},"1":{"loc":{"start":{"line":105,"column":2},"end":{"line":108,"column":3}},"type":"if","locations":[{"start":{"line":105,"column":2},"end":{"line":108,"column":3}},{"start":{},"end":{}}],"line":105}},"s":{"0":0,"1":0,"2":0,"3":0,"4":0,"5":0,"6":0,"7":0,"8":0,"9":0,"10":0,"11":0,"12":0,"13":0,"14":0,"15":0,"16":0,"17":0,"18":0,"19":0},"f":{"0":0,"1":0,"2":0,"3":0},"b":{"0":[0,0],"1":[0,0]}}
,"/Users/danielspaude/code/boxtribute/boxtribute/react/src/views/BoxEdit/components/BoxEdit.tsx": {"path":"/Users/danielspaude/code/boxtribute/boxtribute/react/src/views/BoxEdit/components/BoxEdit.tsx","statementMap":{"0":{"start":{"line":40,"column":16},"end":{"line":165,"column":1}},"1":{"start":{"line":45,"column":36},"end":{"line":48,"column":3}},"2":{"start":{"line":47,"column":17},"end":{"line":47,"column":38}},"3":{"start":{"line":50,"column":36},"end":{"line":63,"column":51}},"4":{"start":{"line":52,"column":38},"end":{"line":52,"column":68}},"5":{"start":{"line":53,"column":6},"end":{"line":61,"column":8}},"6":{"start":{"line":56,"column":29},"end":{"line":59,"column":11}},"7":{"start":{"line":60,"column":26},"end":{"line":60,"column":56}},"8":{"start":{"line":63,"column":20},"end":{"line":63,"column":50}},"9":{"start":{"line":69,"column":6},"end":{"line":76,"column":4}},"10":{"start":{"line":73,"column":25},"end":{"line":73,"column":34}},"11":{"start":{"line":74,"column":21},"end":{"line":74,"column":53}},"12":{"start":{"line":78,"column":2},"end":{"line":81,"column":3}},"13":{"start":{"line":79,"column":4},"end":{"line":79,"column":59}},"14":{"start":{"line":80,"column":4},"end":{"line":80,"column":59}},"15":{"start":{"line":83,"column":2},"end":{"line":91,"column":3}},"16":{"start":{"line":84,"column":4},"end":{"line":84,"column":63}},"17":{"start":{"line":85,"column":4},"end":{"line":90,"column":6}},"18":{"start":{"line":93,"column":2},"end":{"line":164,"column":4}},"19":{"start":{"line":127,"column":16},"end":{"line":142,"column":30}}},"fnMap":{"0":{"name":"(anonymous_0)","decl":{"start":{"line":40,"column":16},"end":{"line":40,"column":17}},"loc":{"start":{"line":44,"column":20},"end":{"line":165,"column":1}},"line":44},"1":{"name":"(anonymous_1)","decl":{"start":{"line":47,"column":4},"end":{"line":47,"column":5}},"loc":{"start":{"line":47,"column":17},"end":{"line":47,"column":38}},"line":47},"2":{"name":"(anonymous_2)","decl":{"start":{"line":51,"column":9},"end":{"line":51,"column":10}},"loc":{"start":{"line":51,"column":18},"end":{"line":62,"column":5}},"line":51},"3":{"name":"(anonymous_3)","decl":{"start":{"line":56,"column":15},"end":{"line":56,"column":16}},"loc":{"start":{"line":56,"column":29},"end":{"line":59,"column":11}},"line":56},"4":{"name":"(anonymous_4)","decl":{"start":{"line":60,"column":16},"end":{"line":60,"column":17}},"loc":{"start":{"line":60,"column":26},"end":{"line":60,"column":56}},"line":60},"5":{"name":"(anonymous_5)","decl":{"start":{"line":63,"column":10},"end":{"line":63,"column":11}},"loc":{"start":{"line":63,"column":20},"end":{"line":63,"column":50}},"line":63},"6":{"name":"(anonymous_6)","decl":{"start":{"line":73,"column":18},"end":{"line":73,"column":19}},"loc":{"start":{"line":73,"column":25},"end":{"line":73,"column":34}},"line":73},"7":{"name":"(anonymous_7)","decl":{"start":{"line":74,"column":14},"end":{"line":74,"column":15}},"loc":{"start":{"line":74,"column":21},"end":{"line":74,"column":53}},"line":74},"8":{"name":"(anonymous_8)","decl":{"start":{"line":123,"column":22},"end":{"line":123,"column":23}},"loc":{"start":{"line":127,"column":16},"end":{"line":142,"column":30}},"line":127}},"branchMap":{"0":{"loc":{"start":{"line":78,"column":2},"end":{"line":81,"column":3}},"type":"if","locations":[{"start":{"line":78,"column":2},"end":{"line":81,"column":3}},{"start":{},"end":{}}],"line":78},"1":{"loc":{"start":{"line":83,"column":2},"end":{"line":91,"column":3}},"type":"if","locations":[{"start":{"line":83,"column":2},"end":{"line":91,"column":3}},{"start":{},"end":{}}],"line":83},"2":{"loc":{"start":{"line":141,"column":37},"end":{"line":141,"column":59}},"type":"binary-expr","locations":[{"start":{"line":141,"column":37},"end":{"line":141,"column":42}},{"start":{"line":141,"column":46},"end":{"line":141,"column":59}}],"line":141}},"s":{"0":0,"1":0,"2":0,"3":0,"4":0,"5":0,"6":0,"7":0,"8":0,"9":0,"10":0,"11":0,"12":0,"13":0,"14":0,"15":0,"16":0,"17":0,"18":0,"19":0},"f":{"0":0,"1":0,"2":0,"3":0,"4":0,"5":0,"6":0,"7":0,"8":0},"b":{"0":[0,0],"1":[0,0],"2":[0,0]}}
,"/Users/danielspaude/code/boxtribute/boxtribute/react/src/views/Boxes/BoxesView.tsx": {"path":"/Users/danielspaude/code/boxtribute/boxtribute/react/src/views/Boxes/BoxesView.tsx","statementMap":{"0":{"start":{"line":7,"column":36},"end":{"line":30,"column":1}},"1":{"start":{"line":32,"column":34},"end":{"line":46,"column":9}},"2":{"start":{"line":35,"column":2},"end":{"line":46,"column":9}},"3":{"start":{"line":37,"column":6},"end":{"line":45,"column":25}},"4":{"start":{"line":37,"column":50},"end":{"line":45,"column":17}},"5":{"start":{"line":48,"column":14},"end":{"line":73,"column":1}},"6":{"start":{"line":49,"column":19},"end":{"line":49,"column":32}},"7":{"start":{"line":50,"column":17},"end":{"line":50,"column":56}},"8":{"start":{"line":52,"column":26},"end":{"line":53,"column":57}},"9":{"start":{"line":53,"column":4},"end":{"line":53,"column":57}},"10":{"start":{"line":55,"column":35},"end":{"line":62,"column":3}},"11":{"start":{"line":63,"column":2},"end":{"line":65,"column":3}},"12":{"start":{"line":64,"column":4},"end":{"line":64,"column":33}},"13":{"start":{"line":66,"column":2},"end":{"line":69,"column":3}},"14":{"start":{"line":67,"column":4},"end":{"line":67,"column":25}},"15":{"start":{"line":68,"column":4},"end":{"line":68,"column":29}},"16":{"start":{"line":71,"column":20},"end":{"line":71,"column":51}},"17":{"start":{"line":72,"column":2},"end":{"line":72,"column":78}}},"fnMap":{"0":{"name":"(anonymous_0)","decl":{"start":{"line":32,"column":34},"end":{"line":32,"column":35}},"loc":{"start":{"line":35,"column":2},"end":{"line":46,"column":9}},"line":35},"1":{"name":"(anonymous_1)","decl":{"start":{"line":36,"column":4},"end":{"line":36,"column":5}},"loc":{"start":{"line":37,"column":6},"end":{"line":45,"column":25}},"line":37},"2":{"name":"(anonymous_2)","decl":{"start":{"line":37,"column":36},"end":{"line":37,"column":37}},"loc":{"start":{"line":37,"column":50},"end":{"line":45,"column":17}},"line":37},"3":{"name":"(anonymous_3)","decl":{"start":{"line":48,"column":14},"end":{"line":48,"column":15}},"loc":{"start":{"line":48,"column":20},"end":{"line":73,"column":1}},"line":48},"4":{"name":"(anonymous_4)","decl":{"start":{"line":52,"column":26},"end":{"line":52,"column":27}},"loc":{"start":{"line":53,"column":4},"end":{"line":53,"column":57}},"line":53}},"branchMap":{"0":{"loc":{"start":{"line":35,"column":2},"end":{"line":46,"column":9}},"type":"binary-expr","locations":[{"start":{"line":35,"column":2},"end":{"line":46,"column":3}},{"start":{"line":46,"column":7},"end":{"line":46,"column":9}}],"line":35},"1":{"loc":{"start":{"line":37,"column":6},"end":{"line":45,"column":25}},"type":"binary-expr","locations":[{"start":{"line":37,"column":6},"end":{"line":45,"column":19}},{"start":{"line":45,"column":23},"end":{"line":45,"column":25}}],"line":37},"2":{"loc":{"start":{"line":63,"column":2},"end":{"line":65,"column":3}},"type":"if","locations":[{"start":{"line":63,"column":2},"end":{"line":65,"column":3}},{"start":{},"end":{}}],"line":63},"3":{"loc":{"start":{"line":66,"column":2},"end":{"line":69,"column":3}},"type":"if","locations":[{"start":{"line":66,"column":2},"end":{"line":69,"column":3}},{"start":{},"end":{}}],"line":66}},"s":{"0":1,"1":1,"2":6,"3":18,"4":42,"5":1,"6":13,"7":13,"8":13,"9":0,"10":13,"11":13,"12":7,"13":6,"14":0,"15":0,"16":6,"17":6},"f":{"0":6,"1":18,"2":42,"3":13,"4":0},"b":{"0":[6,0],"1":[18,0],"2":[7,6],"3":[0,6]},"_coverageSchema":"1a1c01bbd47fc00a2c39e90264f33305004495a9","hash":"9186aae712259338d34a3ef365a004ee468c9f7d"}
,"/Users/danielspaude/code/boxtribute/boxtribute/react/src/views/Boxes/components/BoxesTable.tsx": {"path":"/Users/danielspaude/code/boxtribute/boxtribute/react/src/views/Boxes/components/BoxesTable.tsx","statementMap":{"0":{"start":{"line":53,"column":43},"end":{"line":59,"column":43}},"1":{"start":{"line":54,"column":2},"end":{"line":59,"column":43}},"2":{"start":{"line":55,"column":22},"end":{"line":58,"column":5}},"3":{"start":{"line":59,"column":23},"end":{"line":59,"column":42}},"4":{"start":{"line":61,"column":23},"end":{"line":130,"column":1}},"5":{"start":{"line":66,"column":36},"end":{"line":69,"column":3}},"6":{"start":{"line":67,"column":10},"end":{"line":67,"column":62}},"7":{"start":{"line":71,"column":27},"end":{"line":87,"column":3}},"8":{"start":{"line":72,"column":20},"end":{"line":72,"column":36}},"9":{"start":{"line":73,"column":21},"end":{"line":73,"column":35}},"10":{"start":{"line":74,"column":4},"end":{"line":74,"column":13}},"11":{"start":{"line":75,"column":19},"end":{"line":75,"column":76}},"12":{"start":{"line":75,"column":53},"end":{"line":75,"column":75}},"13":{"start":{"line":76,"column":4},"end":{"line":86,"column":5}},"14":{"start":{"line":77,"column":6},"end":{"line":85,"column":7}},"15":{"start":{"line":78,"column":8},"end":{"line":82,"column":10}},"16":{"start":{"line":84,"column":8},"end":{"line":84,"column":72}},"17":{"start":{"line":84,"column":57},"end":{"line":84,"column":69}},"18":{"start":{"line":90,"column":4},"end":{"line":90,"column":55}},"19":{"start":{"line":92,"column":2},"end":{"line":129,"column":4}},"20":{"start":{"line":107,"column":16},"end":{"line":122,"column":27}},"21":{"start":{"line":117,"column":32},"end":{"line":117,"column":39}},"22":{"start":{"line":132,"column":19},"end":{"line":207,"column":1}},"23":{"start":{"line":133,"column":45},"end":{"line":180,"column":3}},"24":{"start":{"line":134,"column":10},"end":{"line":178,"column":5}},"25":{"start":{"line":183,"column":4},"end":{"line":183,"column":54}},"26":{"start":{"line":184,"column":33},"end":{"line":190,"column":3}},"27":{"start":{"line":186,"column":6},"end":{"line":188,"column":7}},"28":{"start":{"line":187,"column":18},"end":{"line":187,"column":75}},"29":{"start":{"line":192,"column":2},"end":{"line":206,"column":4}},"30":{"start":{"line":215,"column":20},"end":{"line":364,"column":1}},"31":{"start":{"line":233,"column":6},"end":{"line":265,"column":3}},"32":{"start":{"line":248,"column":6},"end":{"line":263,"column":9}},"33":{"start":{"line":248,"column":45},"end":{"line":263,"column":7}},"34":{"start":{"line":252,"column":12},"end":{"line":254,"column":18}},"35":{"start":{"line":257,"column":12},"end":{"line":259,"column":18}},"36":{"start":{"line":267,"column":2},"end":{"line":269,"column":3}},"37":{"start":{"line":268,"column":4},"end":{"line":268,"column":17}},"38":{"start":{"line":271,"column":2},"end":{"line":363,"column":4}},"39":{"start":{"line":280,"column":10},"end":{"line":287,"column":12}},"40":{"start":{"line":281,"column":12},"end":{"line":286,"column":20}},"41":{"start":{"line":294,"column":12},"end":{"line":309,"column":17}},"42":{"start":{"line":296,"column":16},"end":{"line":307,"column":21}},"43":{"start":{"line":314,"column":12},"end":{"line":314,"column":28}},"44":{"start":{"line":315,"column":12},"end":{"line":326,"column":14}},"45":{"start":{"line":319,"column":31},"end":{"line":319,"column":74}},"46":{"start":{"line":323,"column":18},"end":{"line":323,"column":64}}},"fnMap":{"0":{"name":"(anonymous_0)","decl":{"start":{"line":53,"column":43},"end":{"line":53,"column":44}},"loc":{"start":{"line":54,"column":2},"end":{"line":59,"column":43}},"line":54},"1":{"name":"(anonymous_1)","decl":{"start":{"line":55,"column":9},"end":{"line":55,"column":10}},"loc":{"start":{"line":55,"column":22},"end":{"line":58,"column":5}},"line":55},"2":{"name":"(anonymous_2)","decl":{"start":{"line":59,"column":12},"end":{"line":59,"column":13}},"loc":{"start":{"line":59,"column":23},"end":{"line":59,"column":42}},"line":59},"3":{"name":"(anonymous_3)","decl":{"start":{"line":61,"column":23},"end":{"line":61,"column":24}},"loc":{"start":{"line":65,"column":27},"end":{"line":130,"column":1}},"line":65},"4":{"name":"(anonymous_4)","decl":{"start":{"line":67,"column":4},"end":{"line":67,"column":5}},"loc":{"start":{"line":67,"column":10},"end":{"line":67,"column":62}},"line":67},"5":{"name":"(anonymous_5)","decl":{"start":{"line":71,"column":27},"end":{"line":71,"column":28}},"loc":{"start":{"line":71,"column":71},"end":{"line":87,"column":3}},"line":71},"6":{"name":"(anonymous_6)","decl":{"start":{"line":75,"column":41},"end":{"line":75,"column":42}},"loc":{"start":{"line":75,"column":53},"end":{"line":75,"column":75}},"line":75},"7":{"name":"(anonymous_7)","decl":{"start":{"line":84,"column":50},"end":{"line":84,"column":51}},"loc":{"start":{"line":84,"column":57},"end":{"line":84,"column":69}},"line":84},"8":{"name":"(anonymous_8)","decl":{"start":{"line":106,"column":45},"end":{"line":106,"column":46}},"loc":{"start":{"line":107,"column":16},"end":{"line":122,"column":27}},"line":107},"9":{"name":"(anonymous_9)","decl":{"start":{"line":117,"column":25},"end":{"line":117,"column":26}},"loc":{"start":{"line":117,"column":32},"end":{"line":117,"column":39}},"line":117},"10":{"name":"(anonymous_10)","decl":{"start":{"line":132,"column":19},"end":{"line":132,"column":20}},"loc":{"start":{"line":132,"column":70},"end":{"line":207,"column":1}},"line":132},"11":{"name":"(anonymous_11)","decl":{"start":{"line":134,"column":4},"end":{"line":134,"column":5}},"loc":{"start":{"line":134,"column":10},"end":{"line":178,"column":5}},"line":134},"12":{"name":"(anonymous_12)","decl":{"start":{"line":185,"column":4},"end":{"line":185,"column":5}},"loc":{"start":{"line":186,"column":6},"end":{"line":188,"column":7}},"line":186},"13":{"name":"(anonymous_13)","decl":{"start":{"line":187,"column":8},"end":{"line":187,"column":9}},"loc":{"start":{"line":187,"column":18},"end":{"line":187,"column":75}},"line":187},"14":{"name":"(anonymous_14)","decl":{"start":{"line":215,"column":20},"end":{"line":215,"column":21}},"loc":{"start":{"line":220,"column":24},"end":{"line":364,"column":1}},"line":220},"15":{"name":"(anonymous_15)","decl":{"start":{"line":247,"column":4},"end":{"line":247,"column":5}},"loc":{"start":{"line":247,"column":15},"end":{"line":264,"column":5}},"line":247},"16":{"name":"(anonymous_16)","decl":{"start":{"line":248,"column":32},"end":{"line":248,"column":33}},"loc":{"start":{"line":248,"column":45},"end":{"line":263,"column":7}},"line":248},"17":{"name":"(anonymous_17)","decl":{"start":{"line":251,"column":18},"end":{"line":251,"column":19}},"loc":{"start":{"line":252,"column":12},"end":{"line":254,"column":18}},"line":252},"18":{"name":"(anonymous_18)","decl":{"start":{"line":256,"column":16},"end":{"line":256,"column":17}},"loc":{"start":{"line":257,"column":12},"end":{"line":259,"column":18}},"line":257},"19":{"name":"(anonymous_19)","decl":{"start":{"line":279,"column":26},"end":{"line":279,"column":27}},"loc":{"start":{"line":279,"column":43},"end":{"line":288,"column":9}},"line":279},"20":{"name":"(anonymous_20)","decl":{"start":{"line":280,"column":41},"end":{"line":280,"column":42}},"loc":{"start":{"line":281,"column":12},"end":{"line":286,"column":20}},"line":281},"21":{"name":"(anonymous_21)","decl":{"start":{"line":293,"column":28},"end":{"line":293,"column":29}},"loc":{"start":{"line":294,"column":12},"end":{"line":309,"column":17}},"line":294},"22":{"name":"(anonymous_22)","decl":{"start":{"line":295,"column":39},"end":{"line":295,"column":40}},"loc":{"start":{"line":296,"column":16},"end":{"line":307,"column":21}},"line":296},"23":{"name":"(anonymous_23)","decl":{"start":{"line":313,"column":20},"end":{"line":313,"column":21}},"loc":{"start":{"line":313,"column":32},"end":{"line":327,"column":11}},"line":313},"24":{"name":"(anonymous_24)","decl":{"start":{"line":319,"column":25},"end":{"line":319,"column":26}},"loc":{"start":{"line":319,"column":31},"end":{"line":319,"column":74}},"line":319},"25":{"name":"(anonymous_25)","decl":{"start":{"line":322,"column":31},"end":{"line":322,"column":32}},"loc":{"start":{"line":322,"column":44},"end":{"line":324,"column":17}},"line":322}},"branchMap":{"0":{"loc":{"start":{"line":56,"column":13},"end":{"line":56,"column":44}},"type":"binary-expr","locations":[{"start":{"line":56,"column":13},"end":{"line":56,"column":38}},{"start":{"line":56,"column":42},"end":{"line":56,"column":44}}],"line":56},"1":{"loc":{"start":{"line":57,"column":13},"end":{"line":57,"column":46}},"type":"binary-expr","locations":[{"start":{"line":57,"column":13},"end":{"line":57,"column":40}},{"start":{"line":57,"column":44},"end":{"line":57,"column":46}}],"line":57},"2":{"loc":{"start":{"line":76,"column":4},"end":{"line":86,"column":5}},"type":"if","locations":[{"start":{"line":76,"column":4},"end":{"line":86,"column":5}},{"start":{},"end":{}}],"line":76},"3":{"loc":{"start":{"line":77,"column":6},"end":{"line":85,"column":7}},"type":"if","locations":[{"start":{"line":77,"column":6},"end":{"line":85,"column":7}},{"start":{"line":83,"column":13},"end":{"line":85,"column":7}}],"line":77},"4":{"loc":{"start":{"line":79,"column":10},"end":{"line":81,"column":42}},"type":"cond-expr","locations":[{"start":{"line":80,"column":14},"end":{"line":80,"column":29}},{"start":{"line":81,"column":14},"end":{"line":81,"column":42}}],"line":79},"5":{"loc":{"start":{"line":216,"column":2},"end":{"line":216,"column":13}},"type":"default-arg","locations":[{"start":{"line":216,"column":9},"end":{"line":216,"column":13}}],"line":216},"6":{"loc":{"start":{"line":267,"column":2},"end":{"line":269,"column":3}},"type":"if","locations":[{"start":{"line":267,"column":2},"end":{"line":269,"column":3}},{"start":{},"end":{}}],"line":267},"7":{"loc":{"start":{"line":281,"column":12},"end":{"line":286,"column":20}},"type":"cond-expr","locations":[{"start":{"line":282,"column":14},"end":{"line":285,"column":23}},{"start":{"line":286,"column":16},"end":{"line":286,"column":20}}],"line":281},"8":{"loc":{"start":{"line":299,"column":21},"end":{"line":305,"column":28}},"type":"cond-expr","locations":[{"start":{"line":300,"column":22},"end":{"line":304,"column":23}},{"start":{"line":305,"column":24},"end":{"line":305,"column":28}}],"line":299},"9":{"loc":{"start":{"line":300,"column":22},"end":{"line":304,"column":23}},"type":"cond-expr","locations":[{"start":{"line":301,"column":24},"end":{"line":301,"column":75}},{"start":{"line":303,"column":24},"end":{"line":303,"column":72}}],"line":300}},"s":{"0":1,"1":12,"2":84,"3":84,"4":1,"5":6,"6":6,"7":6,"8":0,"9":0,"10":0,"11":0,"12":0,"13":0,"14":0,"15":0,"16":0,"17":0,"18":6,"19":6,"20":42,"21":294,"22":1,"23":6,"24":6,"25":6,"26":6,"27":6,"28":36,"29":6,"30":1,"31":14,"32":14,"33":6,"34":14,"35":78,"36":14,"37":0,"38":14,"39":14,"40":112,"41":14,"42":112,"43":78,"44":78,"45":0,"46":624},"f":{"0":12,"1":84,"2":84,"3":6,"4":6,"5":0,"6":0,"7":0,"8":42,"9":294,"10":6,"11":6,"12":6,"13":36,"14":14,"15":14,"16":6,"17":14,"18":78,"19":14,"20":112,"21":14,"22":112,"23":78,"24":0,"25":624},"b":{"0":[84,0],"1":[84,0],"2":[0,0],"3":[0,0],"4":[0,0],"5":[14],"6":[0,14],"7":[56,56],"8":[4,108],"9":[2,2]},"_coverageSchema":"1a1c01bbd47fc00a2c39e90264f33305004495a9","hash":"f6a7e89890a1fc7c0b844430cdfd3f7f4df99207"}
,"/Users/danielspaude/code/boxtribute/boxtribute/react/src/views/Boxes/components/Checkbox.tsx": {"path":"/Users/danielspaude/code/boxtribute/boxtribute/react/src/views/Boxes/components/Checkbox.tsx","statementMap":{"0":{"start":{"line":8,"column":24},"end":{"line":24,"column":1}},"1":{"start":{"line":9,"column":20},"end":{"line":9,"column":34}},"2":{"start":{"line":11,"column":2},"end":{"line":21,"column":13}},"3":{"start":{"line":12,"column":4},"end":{"line":20,"column":7}},"4":{"start":{"line":13,"column":6},"end":{"line":13,"column":23}},"5":{"start":{"line":13,"column":16},"end":{"line":13,"column":23}},"6":{"start":{"line":15,"column":6},"end":{"line":19,"column":7}},"7":{"start":{"line":16,"column":8},"end":{"line":16,"column":31}},"8":{"start":{"line":18,"column":8},"end":{"line":18,"column":40}},"9":{"start":{"line":23,"column":2},"end":{"line":23,"column":19}},"10":{"start":{"line":26,"column":30},"end":{"line":43,"column":1}},"11":{"start":{"line":28,"column":23},"end":{"line":28,"column":41}},"12":{"start":{"line":29,"column":24},"end":{"line":29,"column":56}},"13":{"start":{"line":31,"column":4},"end":{"line":35,"column":37}},"14":{"start":{"line":32,"column":6},"end":{"line":34,"column":7}},"15":{"start":{"line":33,"column":8},"end":{"line":33,"column":67}},"16":{"start":{"line":37,"column":4},"end":{"line":41,"column":6}},"17":{"start":{"line":39,"column":65},"end":{"line":39,"column":84}}},"fnMap":{"0":{"name":"(anonymous_0)","decl":{"start":{"line":8,"column":24},"end":{"line":8,"column":25}},"loc":{"start":{"line":8,"column":66},"end":{"line":24,"column":1}},"line":8},"1":{"name":"(anonymous_1)","decl":{"start":{"line":11,"column":12},"end":{"line":11,"column":13}},"loc":{"start":{"line":11,"column":18},"end":{"line":21,"column":3}},"line":11},"2":{"name":"(anonymous_2)","decl":{"start":{"line":12,"column":17},"end":{"line":12,"column":18}},"loc":{"start":{"line":12,"column":24},"end":{"line":20,"column":5}},"line":12},"3":{"name":"(anonymous_3)","decl":{"start":{"line":27,"column":2},"end":{"line":27,"column":3}},"loc":{"start":{"line":27,"column":68},"end":{"line":42,"column":3}},"line":27},"4":{"name":"(anonymous_4)","decl":{"start":{"line":31,"column":14},"end":{"line":31,"column":15}},"loc":{"start":{"line":31,"column":20},"end":{"line":35,"column":5}},"line":31},"5":{"name":"(anonymous_5)","decl":{"start":{"line":39,"column":58},"end":{"line":39,"column":59}},"loc":{"start":{"line":39,"column":65},"end":{"line":39,"column":84}},"line":39}},"branchMap":{"0":{"loc":{"start":{"line":13,"column":6},"end":{"line":13,"column":23}},"type":"if","locations":[{"start":{"line":13,"column":6},"end":{"line":13,"column":23}},{"start":{},"end":{}}],"line":13},"1":{"loc":{"start":{"line":15,"column":6},"end":{"line":19,"column":7}},"type":"if","locations":[{"start":{"line":15,"column":6},"end":{"line":19,"column":7}},{"start":{"line":17,"column":13},"end":{"line":19,"column":7}}],"line":15},"2":{"loc":{"start":{"line":32,"column":6},"end":{"line":34,"column":7}},"type":"if","locations":[{"start":{"line":32,"column":6},"end":{"line":34,"column":7}},{"start":{},"end":{}}],"line":32},"3":{"loc":{"start":{"line":33,"column":44},"end":{"line":33,"column":66}},"type":"binary-expr","locations":[{"start":{"line":33,"column":44},"end":{"line":33,"column":57}},{"start":{"line":33,"column":61},"end":{"line":33,"column":66}}],"line":33}},"s":{"0":1,"1":92,"2":92,"3":92,"4":184,"5":92,"6":92,"7":0,"8":92,"9":92,"10":1,"11":92,"12":92,"13":92,"14":48,"15":48,"16":92,"17":0},"f":{"0":92,"1":92,"2":184,"3":92,"4":48,"5":0},"b":{"0":[92,92],"1":[0,92],"2":[48,0],"3":[48,0]},"_coverageSchema":"1a1c01bbd47fc00a2c39e90264f33305004495a9","hash":"c2842a06da0c98692a61ab52211817fd349c49a8"}
,"/Users/danielspaude/code/boxtribute/boxtribute/react/src/views/Boxes/components/GlobalFilter.tsx": {"path":"/Users/danielspaude/code/boxtribute/boxtribute/react/src/views/Boxes/components/GlobalFilter.tsx","statementMap":{"0":{"start":{"line":7,"column":28},"end":{"line":7,"column":50}},"1":{"start":{"line":8,"column":19},"end":{"line":10,"column":9}},"2":{"start":{"line":9,"column":4},"end":{"line":9,"column":40}},"3":{"start":{"line":12,"column":2},"end":{"line":25,"column":4}},"4":{"start":{"line":19,"column":10},"end":{"line":19,"column":35}},"5":{"start":{"line":20,"column":10},"end":{"line":20,"column":35}}},"fnMap":{"0":{"name":"GlobalFilter","decl":{"start":{"line":6,"column":16},"end":{"line":6,"column":28}},"loc":{"start":{"line":6,"column":64},"end":{"line":26,"column":1}},"line":6},"1":{"name":"(anonymous_1)","decl":{"start":{"line":8,"column":36},"end":{"line":8,"column":37}},"loc":{"start":{"line":8,"column":47},"end":{"line":10,"column":3}},"line":8},"2":{"name":"(anonymous_2)","decl":{"start":{"line":18,"column":18},"end":{"line":18,"column":19}},"loc":{"start":{"line":18,"column":25},"end":{"line":21,"column":9}},"line":18}},"branchMap":{"0":{"loc":{"start":{"line":9,"column":20},"end":{"line":9,"column":38}},"type":"binary-expr","locations":[{"start":{"line":9,"column":20},"end":{"line":9,"column":25}},{"start":{"line":9,"column":29},"end":{"line":9,"column":38}}],"line":9},"1":{"loc":{"start":{"line":17,"column":15},"end":{"line":17,"column":26}},"type":"binary-expr","locations":[{"start":{"line":17,"column":15},"end":{"line":17,"column":20}},{"start":{"line":17,"column":24},"end":{"line":17,"column":26}}],"line":17}},"s":{"0":15,"1":15,"2":1,"3":15,"4":1,"5":1},"f":{"0":15,"1":1,"2":1},"b":{"0":[1,0],"1":[15,12]},"_coverageSchema":"1a1c01bbd47fc00a2c39e90264f33305004495a9","hash":"a16f7571c472ba9719db213f73e67ffce857867a"}
,"/Users/danielspaude/code/boxtribute/boxtribute/react/src/views/Boxes/components/SelectColumnFilter.tsx": {"path":"/Users/danielspaude/code/boxtribute/boxtribute/react/src/views/Boxes/components/SelectColumnFilter.tsx","statementMap":{"0":{"start":{"line":11,"column":18},"end":{"line":17,"column":27}},"1":{"start":{"line":12,"column":20},"end":{"line":12,"column":37}},"2":{"start":{"line":13,"column":4},"end":{"line":15,"column":7}},"3":{"start":{"line":14,"column":6},"end":{"line":14,"column":34}},"4":{"start":{"line":16,"column":4},"end":{"line":16,"column":40}},"5":{"start":{"line":19,"column":2},"end":{"line":34,"column":4}},"6":{"start":{"line":24,"column":8},"end":{"line":24,"column":47}},"7":{"start":{"line":29,"column":8},"end":{"line":31,"column":17}}},"fnMap":{"0":{"name":"SelectColumnFilter","decl":{"start":{"line":6,"column":16},"end":{"line":6,"column":34}},"loc":{"start":{"line":10,"column":3},"end":{"line":35,"column":1}},"line":10},"1":{"name":"(anonymous_1)","decl":{"start":{"line":11,"column":32},"end":{"line":11,"column":33}},"loc":{"start":{"line":11,"column":38},"end":{"line":17,"column":3}},"line":11},"2":{"name":"(anonymous_2)","decl":{"start":{"line":13,"column":28},"end":{"line":13,"column":29}},"loc":{"start":{"line":13,"column":37},"end":{"line":15,"column":5}},"line":13},"3":{"name":"(anonymous_3)","decl":{"start":{"line":23,"column":16},"end":{"line":23,"column":17}},"loc":{"start":{"line":23,"column":23},"end":{"line":25,"column":7}},"line":23},"4":{"name":"(anonymous_4)","decl":{"start":{"line":28,"column":19},"end":{"line":28,"column":20}},"loc":{"start":{"line":29,"column":8},"end":{"line":31,"column":17}},"line":29}},"branchMap":{"0":{"loc":{"start":{"line":24,"column":18},"end":{"line":24,"column":45}},"type":"binary-expr","locations":[{"start":{"line":24,"column":18},"end":{"line":24,"column":32}},{"start":{"line":24,"column":36},"end":{"line":24,"column":45}}],"line":24}},"s":{"0":56,"1":27,"2":27,"3":177,"4":27,"5":56,"6":1,"7":238},"f":{"0":56,"1":27,"2":177,"3":1,"4":238},"b":{"0":[1,0]},"_coverageSchema":"1a1c01bbd47fc00a2c39e90264f33305004495a9","hash":"60fe72f5168b2ebb5082f063fb3e91cefe6ce25a"}
,"/Users/danielspaude/code/boxtribute/boxtribute/react/src/views/Boxes/components/types.ts": {"path":"/Users/danielspaude/code/boxtribute/boxtribute/react/src/views/Boxes/components/types.ts","statementMap":{},"fnMap":{},"branchMap":{},"s":{},"f":{},"b":{}}
,"/Users/danielspaude/code/boxtribute/boxtribute/react/src/views/Boxes/components/stories/BoxesTable.stories.tsx": {"path":"/Users/danielspaude/code/boxtribute/boxtribute/react/src/views/Boxes/components/stories/BoxesTable.stories.tsx","statementMap":{"0":{"start":{"line":17,"column":52},"end":{"line":17,"column":86}},"1":{"start":{"line":17,"column":62},"end":{"line":17,"column":86}},"2":{"start":{"line":19,"column":23},"end":{"line":19,"column":40}},"3":{"start":{"line":20,"column":0},"end":{"line":23,"column":1}},"4":{"start":{"line":25,"column":22},"end":{"line":25,"column":39}},"5":{"start":{"line":26,"column":0},"end":{"line":29,"column":1}}},"fnMap":{"0":{"name":"(anonymous_0)","decl":{"start":{"line":17,"column":52},"end":{"line":17,"column":53}},"loc":{"start":{"line":17,"column":62},"end":{"line":17,"column":86}},"line":17}},"branchMap":{},"s":{"0":0,"1":0,"2":0,"3":0,"4":0,"5":0},"f":{"0":0},"b":{}}
,"/Users/danielspaude/code/boxtribute/boxtribute/react/src/views/Boxes/components/stories/boxesTableDataMocks.ts": {"path":"/Users/danielspaude/code/boxtribute/boxtribute/react/src/views/Boxes/components/stories/boxesTableDataMocks.ts","statementMap":{"0":{"start":{"line":1,"column":34},"end":{"line":702,"column":1}}},"fnMap":{},"branchMap":{},"s":{"0":0},"f":{},"b":{}}
,"/Users/danielspaude/code/boxtribute/boxtribute/react/src/views/CreateDistroEventDataView/components/CreateDistroEventDate.stories.tsx": {"path":"/Users/danielspaude/code/boxtribute/boxtribute/react/src/views/CreateDistroEventDataView/components/CreateDistroEventDate.stories.tsx","statementMap":{"0":{"start":{"line":8,"column":45},"end":{"line":10,"column":1}},"1":{"start":{"line":19,"column":63},"end":{"line":19,"column":108}},"2":{"start":{"line":19,"column":73},"end":{"line":19,"column":108}},"3":{"start":{"line":21,"column":23},"end":{"line":21,"column":40}},"4":{"start":{"line":22,"column":0},"end":{"line":24,"column":1}}},"fnMap":{"0":{"name":"(anonymous_0)","decl":{"start":{"line":19,"column":63},"end":{"line":19,"column":64}},"loc":{"start":{"line":19,"column":73},"end":{"line":19,"column":108}},"line":19}},"branchMap":{},"s":{"0":0,"1":0,"2":0,"3":0,"4":0},"f":{"0":0},"b":{}}
,"/Users/danielspaude/code/boxtribute/boxtribute/react/src/views/CreateDistroEventDataView/components/CreateDistroEventDate.tsx": {"path":"/Users/danielspaude/code/boxtribute/boxtribute/react/src/views/CreateDistroEventDataView/components/CreateDistroEventDate.tsx","statementMap":{"0":{"start":{"line":14,"column":30},"end":{"line":57,"column":1}},"1":{"start":{"line":22,"column":6},"end":{"line":27,"column":4}},"2":{"start":{"line":29,"column":2},"end":{"line":56,"column":4}}},"fnMap":{"0":{"name":"(anonymous_0)","decl":{"start":{"line":14,"column":30},"end":{"line":14,"column":31}},"loc":{"start":{"line":17,"column":30},"end":{"line":57,"column":1}},"line":17}},"branchMap":{},"s":{"0":0,"1":0,"2":0},"f":{"0":0},"b":{}}
,"/Users/danielspaude/code/boxtribute/boxtribute/react/src/views/CreateDistroSpotView/components/CreateDistroSpot.stories.tsx": {"path":"/Users/danielspaude/code/boxtribute/boxtribute/react/src/views/CreateDistroSpotView/components/CreateDistroSpot.stories.tsx","statementMap":{"0":{"start":{"line":13,"column":58},"end":{"line":13,"column":97}},"1":{"start":{"line":13,"column":68},"end":{"line":13,"column":97}},"2":{"start":{"line":15,"column":23},"end":{"line":15,"column":40}}},"fnMap":{"0":{"name":"(anonymous_0)","decl":{"start":{"line":13,"column":58},"end":{"line":13,"column":59}},"loc":{"start":{"line":13,"column":68},"end":{"line":13,"column":97}},"line":13}},"branchMap":{},"s":{"0":0,"1":0,"2":0},"f":{"0":0},"b":{}}
,"/Users/danielspaude/code/boxtribute/boxtribute/react/src/views/CreateDistroSpotView/components/CreateDistroSpot.tsx": {"path":"/Users/danielspaude/code/boxtribute/boxtribute/react/src/views/CreateDistroSpotView/components/CreateDistroSpot.tsx","statementMap":{"0":{"start":{"line":9,"column":25},"end":{"line":54,"column":1}},"1":{"start":{"line":10,"column":65},"end":{"line":15,"column":4}},"2":{"start":{"line":17,"column":2},"end":{"line":53,"column":4}}},"fnMap":{"0":{"name":"(anonymous_0)","decl":{"start":{"line":9,"column":25},"end":{"line":9,"column":26}},"loc":{"start":{"line":9,"column":76},"end":{"line":54,"column":1}},"line":9}},"branchMap":{},"s":{"0":0,"1":0,"2":0},"f":{"0":0},"b":{}}
,"/Users/danielspaude/code/boxtribute/boxtribute/react/src/views/DistroEventDetailsView/components/DistroEventDetails.stories.tsx": {"path":"/Users/danielspaude/code/boxtribute/boxtribute/react/src/views/DistroEventDetailsView/components/DistroEventDetails.stories.tsx","statementMap":{"0":{"start":{"line":8,"column":61},"end":{"line":30,"column":1}},"1":{"start":{"line":39,"column":60},"end":{"line":39,"column":102}},"2":{"start":{"line":39,"column":70},"end":{"line":39,"column":102}},"3":{"start":{"line":41,"column":23},"end":{"line":41,"column":40}},"4":{"start":{"line":42,"column":0},"end":{"line":44,"column":1}}},"fnMap":{"0":{"name":"(anonymous_0)","decl":{"start":{"line":39,"column":60},"end":{"line":39,"column":61}},"loc":{"start":{"line":39,"column":70},"end":{"line":39,"column":102}},"line":39}},"branchMap":{},"s":{"0":0,"1":0,"2":0,"3":0,"4":0},"f":{"0":0},"b":{}}
,"/Users/danielspaude/code/boxtribute/boxtribute/react/src/views/DistroEventDetailsView/components/DistroEventDetails.tsx": {"path":"/Users/danielspaude/code/boxtribute/boxtribute/react/src/views/DistroEventDetailsView/components/DistroEventDetails.tsx","statementMap":{"0":{"start":{"line":19,"column":27},"end":{"line":62,"column":1}},"1":{"start":{"line":26,"column":2},"end":{"line":61,"column":4}},"2":{"start":{"line":33,"column":36},"end":{"line":33,"column":53}},"3":{"start":{"line":34,"column":29},"end":{"line":34,"column":71}},"4":{"start":{"line":40,"column":8},"end":{"line":58,"column":10}},"5":{"start":{"line":54,"column":37},"end":{"line":54,"column":50}},"6":{"start":{"line":55,"column":38},"end":{"line":55,"column":52}}},"fnMap":{"0":{"name":"(anonymous_0)","decl":{"start":{"line":19,"column":27},"end":{"line":19,"column":28}},"loc":{"start":{"line":25,"column":32},"end":{"line":62,"column":1}},"line":25},"1":{"name":"(anonymous_1)","decl":{"start":{"line":33,"column":30},"end":{"line":33,"column":31}},"loc":{"start":{"line":33,"column":36},"end":{"line":33,"column":53}},"line":33},"2":{"name":"(anonymous_2)","decl":{"start":{"line":34,"column":23},"end":{"line":34,"column":24}},"loc":{"start":{"line":34,"column":29},"end":{"line":34,"column":71}},"line":34},"3":{"name":"(anonymous_3)","decl":{"start":{"line":39,"column":50},"end":{"line":39,"column":51}},"loc":{"start":{"line":39,"column":60},"end":{"line":59,"column":7}},"line":39},"4":{"name":"(anonymous_4)","decl":{"start":{"line":54,"column":31},"end":{"line":54,"column":32}},"loc":{"start":{"line":54,"column":37},"end":{"line":54,"column":50}},"line":54},"5":{"name":"(anonymous_5)","decl":{"start":{"line":55,"column":32},"end":{"line":55,"column":33}},"loc":{"start":{"line":55,"column":38},"end":{"line":55,"column":52}},"line":55}},"branchMap":{},"s":{"0":0,"1":0,"2":0,"3":0,"4":0,"5":0,"6":0},"f":{"0":0,"1":0,"2":0,"3":0,"4":0,"5":0},"b":{}}
,"/Users/danielspaude/code/boxtribute/boxtribute/react/src/views/DistroEventView/components/DistroEvent.stories.tsx": {"path":"/Users/danielspaude/code/boxtribute/boxtribute/react/src/views/DistroEventView/components/DistroEvent.stories.tsx","statementMap":{"0":{"start":{"line":10,"column":43},"end":{"line":50,"column":1}},"1":{"start":{"line":59,"column":53},"end":{"line":59,"column":88}},"2":{"start":{"line":59,"column":63},"end":{"line":59,"column":88}},"3":{"start":{"line":61,"column":23},"end":{"line":61,"column":40}},"4":{"start":{"line":62,"column":0},"end":{"line":64,"column":1}},"5":{"start":{"line":66,"column":22},"end":{"line":66,"column":39}},"6":{"start":{"line":67,"column":0},"end":{"line":69,"column":1}}},"fnMap":{"0":{"name":"(anonymous_0)","decl":{"start":{"line":59,"column":53},"end":{"line":59,"column":54}},"loc":{"start":{"line":59,"column":63},"end":{"line":59,"column":88}},"line":59}},"branchMap":{},"s":{"0":0,"1":0,"2":0,"3":0,"4":0,"5":0,"6":0},"f":{"0":0},"b":{}}
,"/Users/danielspaude/code/boxtribute/boxtribute/react/src/views/DistroEventView/components/DistroEvent.tsx": {"path":"/Users/danielspaude/code/boxtribute/boxtribute/react/src/views/DistroEventView/components/DistroEvent.tsx","statementMap":{"0":{"start":{"line":37,"column":20},"end":{"line":89,"column":1}},"1":{"start":{"line":38,"column":2},"end":{"line":88,"column":4}},"2":{"start":{"line":56,"column":8},"end":{"line":69,"column":10}},"3":{"start":{"line":75,"column":8},"end":{"line":85,"column":10}}},"fnMap":{"0":{"name":"(anonymous_0)","decl":{"start":{"line":37,"column":20},"end":{"line":37,"column":21}},"loc":{"start":{"line":37,"column":63},"end":{"line":89,"column":1}},"line":37},"1":{"name":"(anonymous_1)","decl":{"start":{"line":55,"column":37},"end":{"line":55,"column":38}},"loc":{"start":{"line":55,"column":46},"end":{"line":70,"column":7}},"line":55},"2":{"name":"(anonymous_2)","decl":{"start":{"line":74,"column":36},"end":{"line":74,"column":37}},"loc":{"start":{"line":74,"column":45},"end":{"line":86,"column":7}},"line":74}},"branchMap":{"0":{"loc":{"start":{"line":52,"column":7},"end":{"line":54,"column":14}},"type":"cond-expr","locations":[{"start":{"line":53,"column":8},"end":{"line":53,"column":54}},{"start":{"line":54,"column":10},"end":{"line":54,"column":14}}],"line":52},"1":{"loc":{"start":{"line":52,"column":8},"end":{"line":52,"column":46}},"type":"binary-expr","locations":[{"start":{"line":52,"column":8},"end":{"line":52,"column":41}},{"start":{"line":52,"column":45},"end":{"line":52,"column":46}}],"line":52},"2":{"loc":{"start":{"line":71,"column":7},"end":{"line":73,"column":14}},"type":"cond-expr","locations":[{"start":{"line":72,"column":8},"end":{"line":72,"column":53}},{"start":{"line":73,"column":10},"end":{"line":73,"column":14}}],"line":71},"3":{"loc":{"start":{"line":71,"column":8},"end":{"line":71,"column":45}},"type":"binary-expr","locations":[{"start":{"line":71,"column":8},"end":{"line":71,"column":40}},{"start":{"line":71,"column":44},"end":{"line":71,"column":45}}],"line":71}},"s":{"0":0,"1":0,"2":0,"3":0},"f":{"0":0,"1":0,"2":0},"b":{"0":[0,0],"1":[0,0],"2":[0,0],"3":[0,0]}}
,"/Users/danielspaude/code/boxtribute/boxtribute/react/src/views/DistroSpotsView/components/DistroSpots.stories.tsx": {"path":"/Users/danielspaude/code/boxtribute/boxtribute/react/src/views/DistroSpotsView/components/DistroSpots.stories.tsx","statementMap":{"0":{"start":{"line":8,"column":40},"end":{"line":44,"column":1}},"1":{"start":{"line":53,"column":53},"end":{"line":53,"column":88}},"2":{"start":{"line":53,"column":63},"end":{"line":53,"column":88}},"3":{"start":{"line":55,"column":23},"end":{"line":55,"column":40}},"4":{"start":{"line":56,"column":0},"end":{"line":58,"column":1}},"5":{"start":{"line":60,"column":22},"end":{"line":60,"column":39}},"6":{"start":{"line":61,"column":0},"end":{"line":63,"column":1}}},"fnMap":{"0":{"name":"(anonymous_0)","decl":{"start":{"line":53,"column":53},"end":{"line":53,"column":54}},"loc":{"start":{"line":53,"column":63},"end":{"line":53,"column":88}},"line":53}},"branchMap":{},"s":{"0":0,"1":0,"2":0,"3":0,"4":0,"5":0,"6":0},"f":{"0":0},"b":{}}
,"/Users/danielspaude/code/boxtribute/boxtribute/react/src/views/DistroSpotsView/components/DistroSpots.tsx": {"path":"/Users/danielspaude/code/boxtribute/boxtribute/react/src/views/DistroSpotsView/components/DistroSpots.tsx","statementMap":{"0":{"start":{"line":33,"column":37},"end":{"line":43,"column":2}},"1":{"start":{"line":67,"column":20},"end":{"line":136,"column":1}},"2":{"start":{"line":68,"column":2},"end":{"line":135,"column":4}},"3":{"start":{"line":72,"column":8},"end":{"line":130,"column":10}},"4":{"start":{"line":104,"column":18},"end":{"line":124,"column":20}},"5":{"start":{"line":115,"column":39},"end":{"line":115,"column":73}},"6":{"start":{"line":127,"column":37},"end":{"line":127,"column":66}},"7":{"start":{"line":133,"column":27},"end":{"line":133,"column":55}}},"fnMap":{"0":{"name":"(anonymous_0)","decl":{"start":{"line":67,"column":20},"end":{"line":67,"column":21}},"loc":{"start":{"line":67,"column":136},"end":{"line":136,"column":1}},"line":67},"1":{"name":"(anonymous_1)","decl":{"start":{"line":71,"column":23},"end":{"line":71,"column":24}},"loc":{"start":{"line":71,"column":39},"end":{"line":131,"column":7}},"line":71},"2":{"name":"(anonymous_2)","decl":{"start":{"line":103,"column":45},"end":{"line":103,"column":46}},"loc":{"start":{"line":103,"column":65},"end":{"line":125,"column":17}},"line":103},"3":{"name":"(anonymous_3)","decl":{"start":{"line":115,"column":33},"end":{"line":115,"column":34}},"loc":{"start":{"line":115,"column":39},"end":{"line":115,"column":73}},"line":115},"4":{"name":"(anonymous_4)","decl":{"start":{"line":127,"column":31},"end":{"line":127,"column":32}},"loc":{"start":{"line":127,"column":37},"end":{"line":127,"column":66}},"line":127},"5":{"name":"(anonymous_5)","decl":{"start":{"line":133,"column":21},"end":{"line":133,"column":22}},"loc":{"start":{"line":133,"column":27},"end":{"line":133,"column":55}},"line":133}},"branchMap":{"0":{"loc":{"start":{"line":78,"column":19},"end":{"line":83,"column":26}},"type":"cond-expr","locations":[{"start":{"line":79,"column":20},"end":{"line":82,"column":26}},{"start":{"line":83,"column":22},"end":{"line":83,"column":26}}],"line":78},"1":{"loc":{"start":{"line":89,"column":15},"end":{"line":93,"column":22}},"type":"cond-expr","locations":[{"start":{"line":90,"column":16},"end":{"line":92,"column":22}},{"start":{"line":93,"column":18},"end":{"line":93,"column":22}}],"line":89},"2":{"loc":{"start":{"line":94,"column":15},"end":{"line":100,"column":15}},"type":"cond-expr","locations":[{"start":{"line":95,"column":16},"end":{"line":97,"column":23}},{"start":{"line":99,"column":16},"end":{"line":99,"column":51}}],"line":94}},"s":{"0":0,"1":0,"2":0,"3":0,"4":0,"5":0,"6":0,"7":0},"f":{"0":0,"1":0,"2":0,"3":0,"4":0,"5":0},"b":{"0":[0,0],"1":[0,0],"2":[0,0]}}
}
